n_trainable_params: 2891403, n_nontrainable_params: 1080000
> training arguments:
>>> model_name: aoa
>>> dataset: laptop
>>> optimizer: <class 'torch.optim.adam.Adam'>
>>> initializer: <function xavier_uniform_ at 0x7fe3483b8320>
>>> learning_rate: 0.001
>>> dropout: 0.1
>>> l2reg: 0.01
>>> num_epoch: 300
>>> batch_size: 64
>>> log_step: 5
>>> embed_dim: 300
>>> hidden_dim: 300
>>> bert_dim: 768
>>> pretrained_bert_name: bert-base-uncased
>>> max_seq_len: 80
>>> polarities_dim: 3
>>> hops: 3
>>> device: cpu
>>> seed: None
>>> valset_ratio: 0.1
>>> model_class: <class 'ABSA.models.aoa.AOA'>
>>> dataset_file: {'train': './datasets/semeval14/Laptops_Train.xml.seg', 'test': './datasets/semeval14/Laptops_Test_Gold.xml.seg'}
>>> inputs_cols: ['text_raw_indices', 'aspect_indices']
>>>>>>>>>>>>>>>>>>>>>>>>>>>>>>>>>>>>>>>>>>>>>>>>>>>>>>>>>>>>>>>>>>>>>>>>>>>>>>>>>>>>>>>>>>>>>>>>>>>>
epoch: 0
loss: 1.1291, acc: 0.3969
loss: 1.1135, acc: 0.3844
loss: 1.1111, acc: 0.3854
loss: 1.1059, acc: 0.3891
loss: 1.1011, acc: 0.4012
loss: 1.0916, acc: 0.4156
> val_acc: 0.5474, val_f1: 0.4123
>> saved: state_dict/aoa_laptop_val_acc0.5474
>>>>>>>>>>>>>>>>>>>>>>>>>>>>>>>>>>>>>>>>>>>>>>>>>>>>>>>>>>>>>>>>>>>>>>>>>>>>>>>>>>>>>>>>>>>>>>>>>>>>
epoch: 1
loss: 1.0044, acc: 0.5391
loss: 0.9919, acc: 0.5156
loss: 0.9884, acc: 0.5273
loss: 0.9737, acc: 0.5570
loss: 0.9627, acc: 0.5653
loss: 0.9597, acc: 0.5718
loss: 0.9460, acc: 0.5815
> val_acc: 0.6810, val_f1: 0.6056
>> saved: state_dict/aoa_laptop_val_acc0.681
>>>>>>>>>>>>>>>>>>>>>>>>>>>>>>>>>>>>>>>>>>>>>>>>>>>>>>>>>>>>>>>>>>>>>>>>>>>>>>>>>>>>>>>>>>>>>>>>>>>>
epoch: 2
loss: 0.8169, acc: 0.6875
loss: 0.7884, acc: 0.6788
loss: 0.7747, acc: 0.6875
loss: 0.7994, acc: 0.6752
loss: 0.8161, acc: 0.6667
loss: 0.8283, acc: 0.6649
> val_acc: 0.6897, val_f1: 0.5902
>> saved: state_dict/aoa_laptop_val_acc0.6897
>>>>>>>>>>>>>>>>>>>>>>>>>>>>>>>>>>>>>>>>>>>>>>>>>>>>>>>>>>>>>>>>>>>>>>>>>>>>>>>>>>>>>>>>>>>>>>>>>>>>
epoch: 3
loss: 0.8335, acc: 0.6875
loss: 0.8220, acc: 0.6615
loss: 0.8181, acc: 0.6676
loss: 0.7948, acc: 0.6807
loss: 0.7919, acc: 0.6845
loss: 0.8039, acc: 0.6773
loss: 0.7964, acc: 0.6815
> val_acc: 0.6810, val_f1: 0.5541
>>>>>>>>>>>>>>>>>>>>>>>>>>>>>>>>>>>>>>>>>>>>>>>>>>>>>>>>>>>>>>>>>>>>>>>>>>>>>>>>>>>>>>>>>>>>>>>>>>>>
epoch: 4
loss: 0.7964, acc: 0.7135
loss: 0.7613, acc: 0.7070
loss: 0.7558, acc: 0.7043
loss: 0.7545, acc: 0.7118
loss: 0.7447, acc: 0.7147
loss: 0.7632, acc: 0.7031
loss: 0.7709, acc: 0.6990
> val_acc: 0.6983, val_f1: 0.6674
>> saved: state_dict/aoa_laptop_val_acc0.6983
>>>>>>>>>>>>>>>>>>>>>>>>>>>>>>>>>>>>>>>>>>>>>>>>>>>>>>>>>>>>>>>>>>>>>>>>>>>>>>>>>>>>>>>>>>>>>>>>>>>>
epoch: 5
loss: 0.7603, acc: 0.7156
loss: 0.7439, acc: 0.7172
loss: 0.7265, acc: 0.7177
loss: 0.7481, acc: 0.7094
loss: 0.7438, acc: 0.7106
loss: 0.7419, acc: 0.7125
> val_acc: 0.7414, val_f1: 0.6789
>> saved: state_dict/aoa_laptop_val_acc0.7414
>>>>>>>>>>>>>>>>>>>>>>>>>>>>>>>>>>>>>>>>>>>>>>>>>>>>>>>>>>>>>>>>>>>>>>>>>>>>>>>>>>>>>>>>>>>>>>>>>>>>
epoch: 6
loss: 0.7026, acc: 0.7812
loss: 0.6741, acc: 0.7500
loss: 0.7065, acc: 0.7174
loss: 0.7205, acc: 0.7068
loss: 0.7250, acc: 0.7053
loss: 0.7352, acc: 0.7054
loss: 0.7328, acc: 0.7095
> val_acc: 0.7155, val_f1: 0.6154
>>>>>>>>>>>>>>>>>>>>>>>>>>>>>>>>>>>>>>>>>>>>>>>>>>>>>>>>>>>>>>>>>>>>>>>>>>>>>>>>>>>>>>>>>>>>>>>>>>>>
epoch: 7
loss: 0.6990, acc: 0.7344
loss: 0.7104, acc: 0.7101
loss: 0.7299, acc: 0.7009
loss: 0.7387, acc: 0.6957
loss: 0.7446, acc: 0.6986
loss: 0.7427, acc: 0.7004
> val_acc: 0.6767, val_f1: 0.6028
>>>>>>>>>>>>>>>>>>>>>>>>>>>>>>>>>>>>>>>>>>>>>>>>>>>>>>>>>>>>>>>>>>>>>>>>>>>>>>>>>>>>>>>>>>>>>>>>>>>>
epoch: 8
loss: 0.6837, acc: 0.7969
loss: 0.6943, acc: 0.7135
loss: 0.7022, acc: 0.7074
loss: 0.7036, acc: 0.7119
loss: 0.7059, acc: 0.7143
loss: 0.6944, acc: 0.7266
loss: 0.6939, acc: 0.7238
> val_acc: 0.7069, val_f1: 0.6795
>>>>>>>>>>>>>>>>>>>>>>>>>>>>>>>>>>>>>>>>>>>>>>>>>>>>>>>>>>>>>>>>>>>>>>>>>>>>>>>>>>>>>>>>>>>>>>>>>>>>
epoch: 9
loss: 0.6508, acc: 0.7604
loss: 0.6320, acc: 0.7676
loss: 0.6487, acc: 0.7584
loss: 0.6643, acc: 0.7465
loss: 0.6800, acc: 0.7405
loss: 0.6906, acc: 0.7360
loss: 0.7020, acc: 0.7285
> val_acc: 0.7284, val_f1: 0.6928
>>>>>>>>>>>>>>>>>>>>>>>>>>>>>>>>>>>>>>>>>>>>>>>>>>>>>>>>>>>>>>>>>>>>>>>>>>>>>>>>>>>>>>>>>>>>>>>>>>>>
epoch: 10
loss: 0.7666, acc: 0.7219
loss: 0.7430, acc: 0.7188
loss: 0.7163, acc: 0.7250
loss: 0.6948, acc: 0.7375
loss: 0.6900, acc: 0.7325
loss: 0.6792, acc: 0.7375
> val_acc: 0.7284, val_f1: 0.6621
>>>>>>>>>>>>>>>>>>>>>>>>>>>>>>>>>>>>>>>>>>>>>>>>>>>>>>>>>>>>>>>>>>>>>>>>>>>>>>>>>>>>>>>>>>>>>>>>>>>>
epoch: 11
loss: 0.6052, acc: 0.7578
loss: 0.5869, acc: 0.7746
loss: 0.6296, acc: 0.7630
loss: 0.6413, acc: 0.7546
loss: 0.6661, acc: 0.7386
loss: 0.6882, acc: 0.7263
loss: 0.6915, acc: 0.7285
> val_acc: 0.7241, val_f1: 0.6080
>>>>>>>>>>>>>>>>>>>>>>>>>>>>>>>>>>>>>>>>>>>>>>>>>>>>>>>>>>>>>>>>>>>>>>>>>>>>>>>>>>>>>>>>>>>>>>>>>>>>
epoch: 12
loss: 0.7472, acc: 0.6875
loss: 0.6571, acc: 0.7431
loss: 0.6471, acc: 0.7545
loss: 0.6519, acc: 0.7558
loss: 0.6636, acc: 0.7454
loss: 0.6668, acc: 0.7414
> val_acc: 0.7586, val_f1: 0.7163
>> saved: state_dict/aoa_laptop_val_acc0.7586
>>>>>>>>>>>>>>>>>>>>>>>>>>>>>>>>>>>>>>>>>>>>>>>>>>>>>>>>>>>>>>>>>>>>>>>>>>>>>>>>>>>>>>>>>>>>>>>>>>>>
epoch: 13
loss: 0.6672, acc: 0.7500
loss: 0.6224, acc: 0.7656
loss: 0.6109, acc: 0.7713
loss: 0.6163, acc: 0.7646
loss: 0.6167, acc: 0.7589
loss: 0.6281, acc: 0.7506
loss: 0.6266, acc: 0.7525
> val_acc: 0.7328, val_f1: 0.6615
>>>>>>>>>>>>>>>>>>>>>>>>>>>>>>>>>>>>>>>>>>>>>>>>>>>>>>>>>>>>>>>>>>>>>>>>>>>>>>>>>>>>>>>>>>>>>>>>>>>>
epoch: 14
loss: 0.6264, acc: 0.7396
loss: 0.6145, acc: 0.7695
loss: 0.6175, acc: 0.7620
loss: 0.6249, acc: 0.7569
loss: 0.6056, acc: 0.7697
loss: 0.6070, acc: 0.7673
loss: 0.6151, acc: 0.7662
> val_acc: 0.7328, val_f1: 0.6865
>>>>>>>>>>>>>>>>>>>>>>>>>>>>>>>>>>>>>>>>>>>>>>>>>>>>>>>>>>>>>>>>>>>>>>>>>>>>>>>>>>>>>>>>>>>>>>>>>>>>
epoch: 15
loss: 0.5776, acc: 0.8000
loss: 0.5535, acc: 0.8000
loss: 0.5669, acc: 0.7896
loss: 0.5824, acc: 0.7812
loss: 0.6052, acc: 0.7619
loss: 0.6167, acc: 0.7594
> val_acc: 0.7069, val_f1: 0.6688
>>>>>>>>>>>>>>>>>>>>>>>>>>>>>>>>>>>>>>>>>>>>>>>>>>>>>>>>>>>>>>>>>>>>>>>>>>>>>>>>>>>>>>>>>>>>>>>>>>>>
epoch: 16
loss: 0.7953, acc: 0.6406
loss: 0.6998, acc: 0.7210
loss: 0.6696, acc: 0.7370
loss: 0.6413, acc: 0.7491
loss: 0.6382, acc: 0.7479
loss: 0.6260, acc: 0.7488
loss: 0.6171, acc: 0.7568
> val_acc: 0.7198, val_f1: 0.6615
>>>>>>>>>>>>>>>>>>>>>>>>>>>>>>>>>>>>>>>>>>>>>>>>>>>>>>>>>>>>>>>>>>>>>>>>>>>>>>>>>>>>>>>>>>>>>>>>>>>>
epoch: 17
loss: 0.5466, acc: 0.8047
loss: 0.5471, acc: 0.8142
loss: 0.5592, acc: 0.8002
loss: 0.5757, acc: 0.7919
loss: 0.5804, acc: 0.7819
loss: 0.5939, acc: 0.7769
> val_acc: 0.6897, val_f1: 0.6622
>>>>>>>>>>>>>>>>>>>>>>>>>>>>>>>>>>>>>>>>>>>>>>>>>>>>>>>>>>>>>>>>>>>>>>>>>>>>>>>>>>>>>>>>>>>>>>>>>>>>
epoch: 18
loss: 0.5379, acc: 0.7969
loss: 0.5735, acc: 0.7839
loss: 0.5824, acc: 0.7756
loss: 0.5939, acc: 0.7783
loss: 0.6083, acc: 0.7738
loss: 0.6032, acc: 0.7794
loss: 0.5950, acc: 0.7858
> val_acc: 0.7414, val_f1: 0.7054
>>>>>>>>>>>>>>>>>>>>>>>>>>>>>>>>>>>>>>>>>>>>>>>>>>>>>>>>>>>>>>>>>>>>>>>>>>>>>>>>>>>>>>>>>>>>>>>>>>>>
epoch: 19
loss: 0.5396, acc: 0.8490
loss: 0.5446, acc: 0.8145
loss: 0.5609, acc: 0.7957
loss: 0.5758, acc: 0.7925
loss: 0.5849, acc: 0.7819
loss: 0.5834, acc: 0.7807
loss: 0.5816, acc: 0.7805
> val_acc: 0.7112, val_f1: 0.6749
>>>>>>>>>>>>>>>>>>>>>>>>>>>>>>>>>>>>>>>>>>>>>>>>>>>>>>>>>>>>>>>>>>>>>>>>>>>>>>>>>>>>>>>>>>>>>>>>>>>>
epoch: 20
loss: 0.5092, acc: 0.8187
loss: 0.5316, acc: 0.8141
loss: 0.5363, acc: 0.8073
loss: 0.5512, acc: 0.7953
loss: 0.5548, acc: 0.7906
loss: 0.5575, acc: 0.7844
> val_acc: 0.7155, val_f1: 0.6840
>>>>>>>>>>>>>>>>>>>>>>>>>>>>>>>>>>>>>>>>>>>>>>>>>>>>>>>>>>>>>>>>>>>>>>>>>>>>>>>>>>>>>>>>>>>>>>>>>>>>
epoch: 21
loss: 0.5719, acc: 0.7656
loss: 0.5368, acc: 0.8036
loss: 0.5400, acc: 0.8008
loss: 0.5761, acc: 0.7849
loss: 0.5863, acc: 0.7820
loss: 0.5842, acc: 0.7836
loss: 0.5917, acc: 0.7808
> val_acc: 0.7371, val_f1: 0.6609
>>>>>>>>>>>>>>>>>>>>>>>>>>>>>>>>>>>>>>>>>>>>>>>>>>>>>>>>>>>>>>>>>>>>>>>>>>>>>>>>>>>>>>>>>>>>>>>>>>>>
epoch: 22
loss: 0.5862, acc: 0.7695
loss: 0.5820, acc: 0.7778
loss: 0.5507, acc: 0.7969
loss: 0.5666, acc: 0.7870
loss: 0.5698, acc: 0.7845
loss: 0.5531, acc: 0.7899
> val_acc: 0.6983, val_f1: 0.6746
>>>>>>>>>>>>>>>>>>>>>>>>>>>>>>>>>>>>>>>>>>>>>>>>>>>>>>>>>>>>>>>>>>>>>>>>>>>>>>>>>>>>>>>>>>>>>>>>>>>>
epoch: 23
loss: 0.5542, acc: 0.7656
loss: 0.5233, acc: 0.8099
loss: 0.4978, acc: 0.8125
loss: 0.5024, acc: 0.8145
loss: 0.5199, acc: 0.8065
loss: 0.5405, acc: 0.7987
loss: 0.5376, acc: 0.8014
> val_acc: 0.7112, val_f1: 0.6579
>>>>>>>>>>>>>>>>>>>>>>>>>>>>>>>>>>>>>>>>>>>>>>>>>>>>>>>>>>>>>>>>>>>>>>>>>>>>>>>>>>>>>>>>>>>>>>>>>>>>
epoch: 24
loss: 0.4894, acc: 0.8073
loss: 0.5299, acc: 0.8047
loss: 0.5173, acc: 0.8065
loss: 0.5123, acc: 0.8090
loss: 0.5208, acc: 0.7996
loss: 0.5338, acc: 0.7935
loss: 0.5246, acc: 0.8001
> val_acc: 0.7371, val_f1: 0.7052
>>>>>>>>>>>>>>>>>>>>>>>>>>>>>>>>>>>>>>>>>>>>>>>>>>>>>>>>>>>>>>>>>>>>>>>>>>>>>>>>>>>>>>>>>>>>>>>>>>>>
epoch: 25
loss: 0.4905, acc: 0.7969
loss: 0.5013, acc: 0.7969
loss: 0.5235, acc: 0.7937
loss: 0.5310, acc: 0.7937
loss: 0.5372, acc: 0.7944
loss: 0.5349, acc: 0.7969
> val_acc: 0.7241, val_f1: 0.6816
>>>>>>>>>>>>>>>>>>>>>>>>>>>>>>>>>>>>>>>>>>>>>>>>>>>>>>>>>>>>>>>>>>>>>>>>>>>>>>>>>>>>>>>>>>>>>>>>>>>>
epoch: 26
loss: 0.4379, acc: 0.8203
loss: 0.5602, acc: 0.7857
loss: 0.5706, acc: 0.7826
loss: 0.5544, acc: 0.7960
loss: 0.5551, acc: 0.7962
loss: 0.5590, acc: 0.7859
loss: 0.5650, acc: 0.7812
> val_acc: 0.6853, val_f1: 0.6134
>>>>>>>>>>>>>>>>>>>>>>>>>>>>>>>>>>>>>>>>>>>>>>>>>>>>>>>>>>>>>>>>>>>>>>>>>>>>>>>>>>>>>>>>>>>>>>>>>>>>
epoch: 27
loss: 0.5434, acc: 0.7812
loss: 0.5270, acc: 0.7951
loss: 0.5321, acc: 0.7924
loss: 0.5190, acc: 0.8002
loss: 0.5271, acc: 0.7956
loss: 0.5342, acc: 0.7920
> val_acc: 0.7500, val_f1: 0.7056
>>>>>>>>>>>>>>>>>>>>>>>>>>>>>>>>>>>>>>>>>>>>>>>>>>>>>>>>>>>>>>>>>>>>>>>>>>>>>>>>>>>>>>>>>>>>>>>>>>>>
epoch: 28
loss: 0.5309, acc: 0.7812
loss: 0.5024, acc: 0.8099
loss: 0.5105, acc: 0.8139
loss: 0.4980, acc: 0.8125
loss: 0.4943, acc: 0.8132
loss: 0.4915, acc: 0.8143
loss: 0.4896, acc: 0.8170
> val_acc: 0.6940, val_f1: 0.6692
>>>>>>>>>>>>>>>>>>>>>>>>>>>>>>>>>>>>>>>>>>>>>>>>>>>>>>>>>>>>>>>>>>>>>>>>>>>>>>>>>>>>>>>>>>>>>>>>>>>>
epoch: 29
loss: 0.4896, acc: 0.8385
loss: 0.4509, acc: 0.8301
loss: 0.4673, acc: 0.8209
loss: 0.4792, acc: 0.8168
loss: 0.4793, acc: 0.8207
loss: 0.4753, acc: 0.8209
loss: 0.4846, acc: 0.8144
> val_acc: 0.7198, val_f1: 0.6814
>>>>>>>>>>>>>>>>>>>>>>>>>>>>>>>>>>>>>>>>>>>>>>>>>>>>>>>>>>>>>>>>>>>>>>>>>>>>>>>>>>>>>>>>>>>>>>>>>>>>
epoch: 30
loss: 0.4423, acc: 0.8562
loss: 0.4517, acc: 0.8422
loss: 0.4448, acc: 0.8396
loss: 0.4457, acc: 0.8383
loss: 0.4536, acc: 0.8331
loss: 0.4679, acc: 0.8276
> val_acc: 0.7371, val_f1: 0.6961
>>>>>>>>>>>>>>>>>>>>>>>>>>>>>>>>>>>>>>>>>>>>>>>>>>>>>>>>>>>>>>>>>>>>>>>>>>>>>>>>>>>>>>>>>>>>>>>>>>>>
epoch: 31
loss: 0.3655, acc: 0.8906
loss: 0.4175, acc: 0.8527
loss: 0.4649, acc: 0.8164
loss: 0.4617, acc: 0.8199
loss: 0.4664, acc: 0.8224
loss: 0.4807, acc: 0.8154
loss: 0.4672, acc: 0.8228
> val_acc: 0.7284, val_f1: 0.6825
>>>>>>>>>>>>>>>>>>>>>>>>>>>>>>>>>>>>>>>>>>>>>>>>>>>>>>>>>>>>>>>>>>>>>>>>>>>>>>>>>>>>>>>>>>>>>>>>>>>>
epoch: 32
loss: 0.4489, acc: 0.8320
loss: 0.4515, acc: 0.8194
loss: 0.4620, acc: 0.8125
loss: 0.4717, acc: 0.8150
loss: 0.4847, acc: 0.8145
loss: 0.4861, acc: 0.8141
> val_acc: 0.7500, val_f1: 0.7108
>>>>>>>>>>>>>>>>>>>>>>>>>>>>>>>>>>>>>>>>>>>>>>>>>>>>>>>>>>>>>>>>>>>>>>>>>>>>>>>>>>>>>>>>>>>>>>>>>>>>
epoch: 33
loss: 0.3916, acc: 0.8438
loss: 0.5030, acc: 0.8021
loss: 0.4578, acc: 0.8338
loss: 0.4643, acc: 0.8311
loss: 0.4787, acc: 0.8274
loss: 0.4896, acc: 0.8227
loss: 0.4842, acc: 0.8246
> val_acc: 0.7284, val_f1: 0.6737
>>>>>>>>>>>>>>>>>>>>>>>>>>>>>>>>>>>>>>>>>>>>>>>>>>>>>>>>>>>>>>>>>>>>>>>>>>>>>>>>>>>>>>>>>>>>>>>>>>>>
epoch: 34
loss: 0.4744, acc: 0.8229
loss: 0.4761, acc: 0.8086
loss: 0.4859, acc: 0.8077
loss: 0.4872, acc: 0.8090
loss: 0.4775, acc: 0.8220
loss: 0.4783, acc: 0.8214
loss: 0.4837, acc: 0.8158
> val_acc: 0.7241, val_f1: 0.6825
>>>>>>>>>>>>>>>>>>>>>>>>>>>>>>>>>>>>>>>>>>>>>>>>>>>>>>>>>>>>>>>>>>>>>>>>>>>>>>>>>>>>>>>>>>>>>>>>>>>>
epoch: 35
loss: 0.4271, acc: 0.8438
loss: 0.4184, acc: 0.8500
loss: 0.4406, acc: 0.8427
loss: 0.4461, acc: 0.8328
loss: 0.4556, acc: 0.8237
loss: 0.4573, acc: 0.8229
> val_acc: 0.7198, val_f1: 0.6609
>>>>>>>>>>>>>>>>>>>>>>>>>>>>>>>>>>>>>>>>>>>>>>>>>>>>>>>>>>>>>>>>>>>>>>>>>>>>>>>>>>>>>>>>>>>>>>>>>>>>
epoch: 36
loss: 0.4137, acc: 0.8281
loss: 0.4469, acc: 0.8192
loss: 0.4376, acc: 0.8255
loss: 0.4346, acc: 0.8281
loss: 0.4334, acc: 0.8352
loss: 0.4475, acc: 0.8270
loss: 0.4605, acc: 0.8198
> val_acc: 0.7198, val_f1: 0.6881
>>>>>>>>>>>>>>>>>>>>>>>>>>>>>>>>>>>>>>>>>>>>>>>>>>>>>>>>>>>>>>>>>>>>>>>>>>>>>>>>>>>>>>>>>>>>>>>>>>>>
epoch: 37
loss: 0.4680, acc: 0.8359
loss: 0.4852, acc: 0.8212
loss: 0.4740, acc: 0.8292
loss: 0.4682, acc: 0.8224
loss: 0.4658, acc: 0.8275
loss: 0.4683, acc: 0.8260
> val_acc: 0.7457, val_f1: 0.7018
>>>>>>>>>>>>>>>>>>>>>>>>>>>>>>>>>>>>>>>>>>>>>>>>>>>>>>>>>>>>>>>>>>>>>>>>>>>>>>>>>>>>>>>>>>>>>>>>>>>>
epoch: 38
loss: 0.3607, acc: 0.9062
loss: 0.4117, acc: 0.8438
loss: 0.4111, acc: 0.8466
loss: 0.4068, acc: 0.8506
loss: 0.4061, acc: 0.8519
loss: 0.4113, acc: 0.8486
loss: 0.4190, acc: 0.8453
> val_acc: 0.7069, val_f1: 0.6836
>>>>>>>>>>>>>>>>>>>>>>>>>>>>>>>>>>>>>>>>>>>>>>>>>>>>>>>>>>>>>>>>>>>>>>>>>>>>>>>>>>>>>>>>>>>>>>>>>>>>
epoch: 39
loss: 0.4691, acc: 0.8646
loss: 0.4495, acc: 0.8516
loss: 0.4256, acc: 0.8510
loss: 0.4220, acc: 0.8507
loss: 0.4223, acc: 0.8465
loss: 0.4184, acc: 0.8510
loss: 0.4178, acc: 0.8502
> val_acc: 0.7155, val_f1: 0.6891
>>>>>>>>>>>>>>>>>>>>>>>>>>>>>>>>>>>>>>>>>>>>>>>>>>>>>>>>>>>>>>>>>>>>>>>>>>>>>>>>>>>>>>>>>>>>>>>>>>>>
epoch: 40
loss: 0.3886, acc: 0.8406
loss: 0.3763, acc: 0.8625
loss: 0.3985, acc: 0.8490
loss: 0.4026, acc: 0.8500
loss: 0.4177, acc: 0.8462
loss: 0.4212, acc: 0.8453
> val_acc: 0.7371, val_f1: 0.6963
>>>>>>>>>>>>>>>>>>>>>>>>>>>>>>>>>>>>>>>>>>>>>>>>>>>>>>>>>>>>>>>>>>>>>>>>>>>>>>>>>>>>>>>>>>>>>>>>>>>>
epoch: 41
loss: 0.3430, acc: 0.8984
loss: 0.3687, acc: 0.8750
loss: 0.3772, acc: 0.8672
loss: 0.3852, acc: 0.8612
loss: 0.3848, acc: 0.8622
loss: 0.3813, acc: 0.8646
loss: 0.3970, acc: 0.8579
> val_acc: 0.7112, val_f1: 0.6866
>>>>>>>>>>>>>>>>>>>>>>>>>>>>>>>>>>>>>>>>>>>>>>>>>>>>>>>>>>>>>>>>>>>>>>>>>>>>>>>>>>>>>>>>>>>>>>>>>>>>
epoch: 42
loss: 0.3641, acc: 0.8828
loss: 0.3710, acc: 0.8750
loss: 0.3787, acc: 0.8661
loss: 0.4016, acc: 0.8495
loss: 0.4047, acc: 0.8444
loss: 0.4113, acc: 0.8378
> val_acc: 0.7284, val_f1: 0.6802
>>>>>>>>>>>>>>>>>>>>>>>>>>>>>>>>>>>>>>>>>>>>>>>>>>>>>>>>>>>>>>>>>>>>>>>>>>>>>>>>>>>>>>>>>>>>>>>>>>>>
epoch: 43
loss: 0.3640, acc: 0.8594
loss: 0.3867, acc: 0.8750
loss: 0.3704, acc: 0.8835
loss: 0.4509, acc: 0.8428
loss: 0.4654, acc: 0.8304
loss: 0.4764, acc: 0.8221
loss: 0.4780, acc: 0.8216
> val_acc: 0.7414, val_f1: 0.6907
>>>>>>>>>>>>>>>>>>>>>>>>>>>>>>>>>>>>>>>>>>>>>>>>>>>>>>>>>>>>>>>>>>>>>>>>>>>>>>>>>>>>>>>>>>>>>>>>>>>>
epoch: 44
loss: 0.4153, acc: 0.8542
loss: 0.4305, acc: 0.8477
loss: 0.4452, acc: 0.8329
loss: 0.4248, acc: 0.8342
loss: 0.4230, acc: 0.8383
loss: 0.4290, acc: 0.8387
loss: 0.4362, acc: 0.8368
> val_acc: 0.7284, val_f1: 0.7019
>>>>>>>>>>>>>>>>>>>>>>>>>>>>>>>>>>>>>>>>>>>>>>>>>>>>>>>>>>>>>>>>>>>>>>>>>>>>>>>>>>>>>>>>>>>>>>>>>>>>
epoch: 45
loss: 0.4360, acc: 0.8375
loss: 0.4095, acc: 0.8531
loss: 0.4110, acc: 0.8469
loss: 0.4132, acc: 0.8461
loss: 0.4162, acc: 0.8438
loss: 0.4184, acc: 0.8458
> val_acc: 0.7500, val_f1: 0.6945
>>>>>>>>>>>>>>>>>>>>>>>>>>>>>>>>>>>>>>>>>>>>>>>>>>>>>>>>>>>>>>>>>>>>>>>>>>>>>>>>>>>>>>>>>>>>>>>>>>>>
epoch: 46
loss: 0.3887, acc: 0.8203
loss: 0.3460, acc: 0.8817
loss: 0.3586, acc: 0.8685
loss: 0.3720, acc: 0.8649
loss: 0.3822, acc: 0.8551
loss: 0.3827, acc: 0.8565
loss: 0.3943, acc: 0.8535
> val_acc: 0.7500, val_f1: 0.7246
>>>>>>>>>>>>>>>>>>>>>>>>>>>>>>>>>>>>>>>>>>>>>>>>>>>>>>>>>>>>>>>>>>>>>>>>>>>>>>>>>>>>>>>>>>>>>>>>>>>>
epoch: 47
loss: 0.3579, acc: 0.8750
loss: 0.3721, acc: 0.8802
loss: 0.3867, acc: 0.8705
loss: 0.3930, acc: 0.8635
loss: 0.4021, acc: 0.8568
loss: 0.4133, acc: 0.8491
> val_acc: 0.7371, val_f1: 0.7116
>>>>>>>>>>>>>>>>>>>>>>>>>>>>>>>>>>>>>>>>>>>>>>>>>>>>>>>>>>>>>>>>>>>>>>>>>>>>>>>>>>>>>>>>>>>>>>>>>>>>
epoch: 48
loss: 0.3415, acc: 0.8750
loss: 0.3998, acc: 0.8672
loss: 0.3638, acc: 0.8821
loss: 0.3721, acc: 0.8701
loss: 0.3742, acc: 0.8683
loss: 0.3715, acc: 0.8684
loss: 0.3773, acc: 0.8644
> val_acc: 0.7155, val_f1: 0.6893
>>>>>>>>>>>>>>>>>>>>>>>>>>>>>>>>>>>>>>>>>>>>>>>>>>>>>>>>>>>>>>>>>>>>>>>>>>>>>>>>>>>>>>>>>>>>>>>>>>>>
epoch: 49
loss: 0.3220, acc: 0.8854
loss: 0.3110, acc: 0.8926
loss: 0.3386, acc: 0.8762
loss: 0.3444, acc: 0.8646
loss: 0.3456, acc: 0.8655
loss: 0.3522, acc: 0.8638
loss: 0.3560, acc: 0.8635
> val_acc: 0.7284, val_f1: 0.6937
>>>>>>>>>>>>>>>>>>>>>>>>>>>>>>>>>>>>>>>>>>>>>>>>>>>>>>>>>>>>>>>>>>>>>>>>>>>>>>>>>>>>>>>>>>>>>>>>>>>>
epoch: 50
loss: 0.3640, acc: 0.8812
loss: 0.3671, acc: 0.8703
loss: 0.3468, acc: 0.8812
loss: 0.3524, acc: 0.8750
loss: 0.3621, acc: 0.8688
loss: 0.3665, acc: 0.8693
> val_acc: 0.7457, val_f1: 0.6899
>>>>>>>>>>>>>>>>>>>>>>>>>>>>>>>>>>>>>>>>>>>>>>>>>>>>>>>>>>>>>>>>>>>>>>>>>>>>>>>>>>>>>>>>>>>>>>>>>>>>
epoch: 51
loss: 0.2762, acc: 0.8906
loss: 0.3422, acc: 0.8705
loss: 0.3785, acc: 0.8633
loss: 0.3735, acc: 0.8631
loss: 0.3668, acc: 0.8643
loss: 0.3742, acc: 0.8600
loss: 0.3809, acc: 0.8589
> val_acc: 0.7371, val_f1: 0.6882
>>>>>>>>>>>>>>>>>>>>>>>>>>>>>>>>>>>>>>>>>>>>>>>>>>>>>>>>>>>>>>>>>>>>>>>>>>>>>>>>>>>>>>>>>>>>>>>>>>>>
epoch: 52
loss: 0.3573, acc: 0.8789
loss: 0.3617, acc: 0.8715
loss: 0.3621, acc: 0.8728
loss: 0.3635, acc: 0.8725
loss: 0.3614, acc: 0.8724
loss: 0.3601, acc: 0.8728
> val_acc: 0.7198, val_f1: 0.6864
>>>>>>>>>>>>>>>>>>>>>>>>>>>>>>>>>>>>>>>>>>>>>>>>>>>>>>>>>>>>>>>>>>>>>>>>>>>>>>>>>>>>>>>>>>>>>>>>>>>>
epoch: 53
loss: 0.3362, acc: 0.8906
loss: 0.3520, acc: 0.8724
loss: 0.3440, acc: 0.8778
loss: 0.3422, acc: 0.8760
loss: 0.3412, acc: 0.8802
loss: 0.3467, acc: 0.8756
loss: 0.3569, acc: 0.8705
> val_acc: 0.7284, val_f1: 0.6827
>>>>>>>>>>>>>>>>>>>>>>>>>>>>>>>>>>>>>>>>>>>>>>>>>>>>>>>>>>>>>>>>>>>>>>>>>>>>>>>>>>>>>>>>>>>>>>>>>>>>
epoch: 54
loss: 0.3740, acc: 0.8490
loss: 0.3536, acc: 0.8770
loss: 0.3494, acc: 0.8810
loss: 0.3413, acc: 0.8845
loss: 0.3477, acc: 0.8777
loss: 0.3533, acc: 0.8728
loss: 0.3554, acc: 0.8717
> val_acc: 0.7500, val_f1: 0.7081
>>>>>>>>>>>>>>>>>>>>>>>>>>>>>>>>>>>>>>>>>>>>>>>>>>>>>>>>>>>>>>>>>>>>>>>>>>>>>>>>>>>>>>>>>>>>>>>>>>>>
epoch: 55
loss: 0.3910, acc: 0.8469
loss: 0.3739, acc: 0.8562
loss: 0.3504, acc: 0.8677
loss: 0.3535, acc: 0.8672
loss: 0.3581, acc: 0.8719
loss: 0.3585, acc: 0.8693
> val_acc: 0.7241, val_f1: 0.6810
>>>>>>>>>>>>>>>>>>>>>>>>>>>>>>>>>>>>>>>>>>>>>>>>>>>>>>>>>>>>>>>>>>>>>>>>>>>>>>>>>>>>>>>>>>>>>>>>>>>>
epoch: 56
loss: 0.3518, acc: 0.8828
loss: 0.3525, acc: 0.8750
loss: 0.3710, acc: 0.8594
loss: 0.3697, acc: 0.8603
loss: 0.3650, acc: 0.8665
loss: 0.3644, acc: 0.8652
loss: 0.3699, acc: 0.8633
> val_acc: 0.7069, val_f1: 0.6800
>>>>>>>>>>>>>>>>>>>>>>>>>>>>>>>>>>>>>>>>>>>>>>>>>>>>>>>>>>>>>>>>>>>>>>>>>>>>>>>>>>>>>>>>>>>>>>>>>>>>
epoch: 57
loss: 0.3312, acc: 0.8867
loss: 0.3558, acc: 0.8594
loss: 0.3826, acc: 0.8560
loss: 0.3832, acc: 0.8594
loss: 0.3788, acc: 0.8587
loss: 0.3741, acc: 0.8621
> val_acc: 0.7328, val_f1: 0.6934
>>>>>>>>>>>>>>>>>>>>>>>>>>>>>>>>>>>>>>>>>>>>>>>>>>>>>>>>>>>>>>>>>>>>>>>>>>>>>>>>>>>>>>>>>>>>>>>>>>>>
epoch: 58
loss: 0.3514, acc: 0.8594
loss: 0.3161, acc: 0.8984
loss: 0.3041, acc: 0.8963
loss: 0.3196, acc: 0.8877
loss: 0.3162, acc: 0.8884
loss: 0.3209, acc: 0.8852
loss: 0.3206, acc: 0.8861
> val_acc: 0.7543, val_f1: 0.7191
>>>>>>>>>>>>>>>>>>>>>>>>>>>>>>>>>>>>>>>>>>>>>>>>>>>>>>>>>>>>>>>>>>>>>>>>>>>>>>>>>>>>>>>>>>>>>>>>>>>>
epoch: 59
loss: 0.3378, acc: 0.8750
loss: 0.3061, acc: 0.8945
loss: 0.3020, acc: 0.8978
loss: 0.3002, acc: 0.8976
loss: 0.3033, acc: 0.8961
loss: 0.3199, acc: 0.8906
loss: 0.3324, acc: 0.8850
> val_acc: 0.7371, val_f1: 0.6841
>>>>>>>>>>>>>>>>>>>>>>>>>>>>>>>>>>>>>>>>>>>>>>>>>>>>>>>>>>>>>>>>>>>>>>>>>>>>>>>>>>>>>>>>>>>>>>>>>>>>
epoch: 60
loss: 0.3215, acc: 0.9031
loss: 0.2999, acc: 0.9125
loss: 0.3172, acc: 0.8990
loss: 0.3110, acc: 0.8953
loss: 0.3052, acc: 0.8950
loss: 0.3169, acc: 0.8911
> val_acc: 0.7543, val_f1: 0.7188
>>>>>>>>>>>>>>>>>>>>>>>>>>>>>>>>>>>>>>>>>>>>>>>>>>>>>>>>>>>>>>>>>>>>>>>>>>>>>>>>>>>>>>>>>>>>>>>>>>>>
epoch: 61
loss: 0.3353, acc: 0.8828
loss: 0.3115, acc: 0.8929
loss: 0.3183, acc: 0.8854
loss: 0.3107, acc: 0.8906
loss: 0.3193, acc: 0.8857
loss: 0.3195, acc: 0.8848
loss: 0.3164, acc: 0.8872
> val_acc: 0.7198, val_f1: 0.6825
>>>>>>>>>>>>>>>>>>>>>>>>>>>>>>>>>>>>>>>>>>>>>>>>>>>>>>>>>>>>>>>>>>>>>>>>>>>>>>>>>>>>>>>>>>>>>>>>>>>>
epoch: 62
loss: 0.2926, acc: 0.8906
loss: 0.2985, acc: 0.8906
loss: 0.3016, acc: 0.8973
loss: 0.3142, acc: 0.8873
loss: 0.3236, acc: 0.8815
loss: 0.3302, acc: 0.8793
> val_acc: 0.6983, val_f1: 0.6630
>>>>>>>>>>>>>>>>>>>>>>>>>>>>>>>>>>>>>>>>>>>>>>>>>>>>>>>>>>>>>>>>>>>>>>>>>>>>>>>>>>>>>>>>>>>>>>>>>>>>
epoch: 63
loss: 0.3213, acc: 0.9062
loss: 0.2759, acc: 0.9167
loss: 0.3003, acc: 0.8991
loss: 0.3213, acc: 0.8926
loss: 0.3162, acc: 0.8921
loss: 0.3331, acc: 0.8822
loss: 0.3357, acc: 0.8805
> val_acc: 0.7198, val_f1: 0.6844
>>>>>>>>>>>>>>>>>>>>>>>>>>>>>>>>>>>>>>>>>>>>>>>>>>>>>>>>>>>>>>>>>>>>>>>>>>>>>>>>>>>>>>>>>>>>>>>>>>>>
epoch: 64
loss: 0.3480, acc: 0.8698
loss: 0.3267, acc: 0.8789
loss: 0.3187, acc: 0.8918
loss: 0.3148, acc: 0.8898
loss: 0.3277, acc: 0.8845
loss: 0.3317, acc: 0.8806
loss: 0.3224, acc: 0.8874
> val_acc: 0.7716, val_f1: 0.7313
>> saved: state_dict/aoa_laptop_val_acc0.7716
>>>>>>>>>>>>>>>>>>>>>>>>>>>>>>>>>>>>>>>>>>>>>>>>>>>>>>>>>>>>>>>>>>>>>>>>>>>>>>>>>>>>>>>>>>>>>>>>>>>>
epoch: 65
loss: 0.2865, acc: 0.9094
loss: 0.3116, acc: 0.8891
loss: 0.3167, acc: 0.8865
loss: 0.3135, acc: 0.8891
loss: 0.3190, acc: 0.8856
loss: 0.3300, acc: 0.8802
> val_acc: 0.7672, val_f1: 0.7293
>>>>>>>>>>>>>>>>>>>>>>>>>>>>>>>>>>>>>>>>>>>>>>>>>>>>>>>>>>>>>>>>>>>>>>>>>>>>>>>>>>>>>>>>>>>>>>>>>>>>
epoch: 66
loss: 0.2889, acc: 0.9219
loss: 0.3057, acc: 0.8996
loss: 0.3031, acc: 0.8932
loss: 0.3227, acc: 0.8860
loss: 0.3299, acc: 0.8814
loss: 0.3359, acc: 0.8796
loss: 0.3391, acc: 0.8794
> val_acc: 0.7112, val_f1: 0.6778
>>>>>>>>>>>>>>>>>>>>>>>>>>>>>>>>>>>>>>>>>>>>>>>>>>>>>>>>>>>>>>>>>>>>>>>>>>>>>>>>>>>>>>>>>>>>>>>>>>>>
epoch: 67
loss: 0.2932, acc: 0.9062
loss: 0.3033, acc: 0.9010
loss: 0.3091, acc: 0.8984
loss: 0.3141, acc: 0.8956
loss: 0.3122, acc: 0.8958
loss: 0.3057, acc: 0.8982
> val_acc: 0.7457, val_f1: 0.7139
>>>>>>>>>>>>>>>>>>>>>>>>>>>>>>>>>>>>>>>>>>>>>>>>>>>>>>>>>>>>>>>>>>>>>>>>>>>>>>>>>>>>>>>>>>>>>>>>>>>>
epoch: 68
loss: 0.3548, acc: 0.8750
loss: 0.2671, acc: 0.9115
loss: 0.2619, acc: 0.9134
loss: 0.2852, acc: 0.9033
loss: 0.2842, acc: 0.9025
loss: 0.2835, acc: 0.9008
loss: 0.2909, acc: 0.8997
> val_acc: 0.7586, val_f1: 0.7226
>>>>>>>>>>>>>>>>>>>>>>>>>>>>>>>>>>>>>>>>>>>>>>>>>>>>>>>>>>>>>>>>>>>>>>>>>>>>>>>>>>>>>>>>>>>>>>>>>>>>
epoch: 69
loss: 0.2389, acc: 0.9062
loss: 0.2445, acc: 0.9160
loss: 0.2689, acc: 0.8990
loss: 0.2823, acc: 0.8967
loss: 0.2906, acc: 0.8927
loss: 0.2908, acc: 0.8917
loss: 0.2914, acc: 0.8936
> val_acc: 0.7543, val_f1: 0.7249
>>>>>>>>>>>>>>>>>>>>>>>>>>>>>>>>>>>>>>>>>>>>>>>>>>>>>>>>>>>>>>>>>>>>>>>>>>>>>>>>>>>>>>>>>>>>>>>>>>>>
epoch: 70
loss: 0.2647, acc: 0.9062
loss: 0.2813, acc: 0.9000
loss: 0.2762, acc: 0.9010
loss: 0.2800, acc: 0.9023
loss: 0.2885, acc: 0.8988
loss: 0.2907, acc: 0.8964
> val_acc: 0.6940, val_f1: 0.6616
>>>>>>>>>>>>>>>>>>>>>>>>>>>>>>>>>>>>>>>>>>>>>>>>>>>>>>>>>>>>>>>>>>>>>>>>>>>>>>>>>>>>>>>>>>>>>>>>>>>>
epoch: 71
loss: 0.3524, acc: 0.8594
loss: 0.3062, acc: 0.8862
loss: 0.3220, acc: 0.8828
loss: 0.3532, acc: 0.8649
loss: 0.3584, acc: 0.8665
loss: 0.3560, acc: 0.8721
loss: 0.3596, acc: 0.8677
> val_acc: 0.7198, val_f1: 0.6875
>>>>>>>>>>>>>>>>>>>>>>>>>>>>>>>>>>>>>>>>>>>>>>>>>>>>>>>>>>>>>>>>>>>>>>>>>>>>>>>>>>>>>>>>>>>>>>>>>>>>
epoch: 72
loss: 0.3749, acc: 0.8516
loss: 0.3214, acc: 0.8837
loss: 0.3193, acc: 0.8850
loss: 0.3200, acc: 0.8873
loss: 0.3330, acc: 0.8815
loss: 0.3264, acc: 0.8863
> val_acc: 0.7414, val_f1: 0.7103
>>>>>>>>>>>>>>>>>>>>>>>>>>>>>>>>>>>>>>>>>>>>>>>>>>>>>>>>>>>>>>>>>>>>>>>>>>>>>>>>>>>>>>>>>>>>>>>>>>>>
epoch: 73
loss: 0.3114, acc: 0.8906
loss: 0.3164, acc: 0.9036
loss: 0.3079, acc: 0.8963
loss: 0.3364, acc: 0.8867
loss: 0.3286, acc: 0.8906
loss: 0.3265, acc: 0.8864
loss: 0.3178, acc: 0.8911
> val_acc: 0.7414, val_f1: 0.6953
>>>>>>>>>>>>>>>>>>>>>>>>>>>>>>>>>>>>>>>>>>>>>>>>>>>>>>>>>>>>>>>>>>>>>>>>>>>>>>>>>>>>>>>>>>>>>>>>>>>>
epoch: 74
loss: 0.2812, acc: 0.9167
loss: 0.2837, acc: 0.9160
loss: 0.2891, acc: 0.9038
loss: 0.2944, acc: 0.8993
loss: 0.2970, acc: 0.8967
loss: 0.2981, acc: 0.8979
loss: 0.3071, acc: 0.8936
> val_acc: 0.7241, val_f1: 0.6999
>>>>>>>>>>>>>>>>>>>>>>>>>>>>>>>>>>>>>>>>>>>>>>>>>>>>>>>>>>>>>>>>>>>>>>>>>>>>>>>>>>>>>>>>>>>>>>>>>>>>
epoch: 75
loss: 0.3039, acc: 0.8938
loss: 0.3076, acc: 0.8875
loss: 0.2887, acc: 0.8938
loss: 0.2852, acc: 0.8984
loss: 0.2963, acc: 0.8956
loss: 0.2900, acc: 0.8984
> val_acc: 0.7371, val_f1: 0.7002
>>>>>>>>>>>>>>>>>>>>>>>>>>>>>>>>>>>>>>>>>>>>>>>>>>>>>>>>>>>>>>>>>>>>>>>>>>>>>>>>>>>>>>>>>>>>>>>>>>>>
epoch: 76
loss: 0.2614, acc: 0.9297
loss: 0.2602, acc: 0.9263
loss: 0.2852, acc: 0.9115
loss: 0.2882, acc: 0.9072
loss: 0.2790, acc: 0.9091
loss: 0.2868, acc: 0.9034
loss: 0.2919, acc: 0.9014
> val_acc: 0.7500, val_f1: 0.7118
>>>>>>>>>>>>>>>>>>>>>>>>>>>>>>>>>>>>>>>>>>>>>>>>>>>>>>>>>>>>>>>>>>>>>>>>>>>>>>>>>>>>>>>>>>>>>>>>>>>>
epoch: 77
loss: 0.2748, acc: 0.9102
loss: 0.2822, acc: 0.9097
loss: 0.2775, acc: 0.9074
loss: 0.2791, acc: 0.9046
loss: 0.2865, acc: 0.9030
loss: 0.2970, acc: 0.8987
> val_acc: 0.7371, val_f1: 0.6975
>>>>>>>>>>>>>>>>>>>>>>>>>>>>>>>>>>>>>>>>>>>>>>>>>>>>>>>>>>>>>>>>>>>>>>>>>>>>>>>>>>>>>>>>>>>>>>>>>>>>
epoch: 78
loss: 0.2904, acc: 0.9219
loss: 0.3166, acc: 0.8958
loss: 0.3366, acc: 0.8878
loss: 0.3207, acc: 0.8936
loss: 0.3117, acc: 0.8973
loss: 0.3214, acc: 0.8918
loss: 0.3173, acc: 0.8906
> val_acc: 0.7586, val_f1: 0.7204
>>>>>>>>>>>>>>>>>>>>>>>>>>>>>>>>>>>>>>>>>>>>>>>>>>>>>>>>>>>>>>>>>>>>>>>>>>>>>>>>>>>>>>>>>>>>>>>>>>>>
epoch: 79
loss: 0.2375, acc: 0.9271
loss: 0.2547, acc: 0.9082
loss: 0.2605, acc: 0.9111
loss: 0.2623, acc: 0.9089
loss: 0.2761, acc: 0.9001
loss: 0.2885, acc: 0.8996
loss: 0.2899, acc: 0.8984
> val_acc: 0.7371, val_f1: 0.7011
>>>>>>>>>>>>>>>>>>>>>>>>>>>>>>>>>>>>>>>>>>>>>>>>>>>>>>>>>>>>>>>>>>>>>>>>>>>>>>>>>>>>>>>>>>>>>>>>>>>>
epoch: 80
loss: 0.2421, acc: 0.9250
loss: 0.2390, acc: 0.9297
loss: 0.2438, acc: 0.9292
loss: 0.2537, acc: 0.9234
loss: 0.2580, acc: 0.9181
loss: 0.2737, acc: 0.9083
> val_acc: 0.7457, val_f1: 0.7110
>>>>>>>>>>>>>>>>>>>>>>>>>>>>>>>>>>>>>>>>>>>>>>>>>>>>>>>>>>>>>>>>>>>>>>>>>>>>>>>>>>>>>>>>>>>>>>>>>>>>
epoch: 81
loss: 0.2216, acc: 0.9375
loss: 0.2390, acc: 0.9241
loss: 0.2569, acc: 0.9141
loss: 0.2689, acc: 0.9099
loss: 0.2578, acc: 0.9155
loss: 0.2706, acc: 0.9057
loss: 0.2774, acc: 0.9019
> val_acc: 0.7457, val_f1: 0.7013
>>>>>>>>>>>>>>>>>>>>>>>>>>>>>>>>>>>>>>>>>>>>>>>>>>>>>>>>>>>>>>>>>>>>>>>>>>>>>>>>>>>>>>>>>>>>>>>>>>>>
epoch: 82
loss: 0.3012, acc: 0.9141
loss: 0.2857, acc: 0.9097
loss: 0.2742, acc: 0.9129
loss: 0.2810, acc: 0.9087
loss: 0.2720, acc: 0.9128
loss: 0.2717, acc: 0.9111
> val_acc: 0.7457, val_f1: 0.7166
>>>>>>>>>>>>>>>>>>>>>>>>>>>>>>>>>>>>>>>>>>>>>>>>>>>>>>>>>>>>>>>>>>>>>>>>>>>>>>>>>>>>>>>>>>>>>>>>>>>>
epoch: 83
loss: 0.2720, acc: 0.9062
loss: 0.2435, acc: 0.9141
loss: 0.2603, acc: 0.9020
loss: 0.2657, acc: 0.8994
loss: 0.2709, acc: 0.8988
loss: 0.2611, acc: 0.9038
loss: 0.2591, acc: 0.9062
> val_acc: 0.7629, val_f1: 0.7311
>>>>>>>>>>>>>>>>>>>>>>>>>>>>>>>>>>>>>>>>>>>>>>>>>>>>>>>>>>>>>>>>>>>>>>>>>>>>>>>>>>>>>>>>>>>>>>>>>>>>
epoch: 84
loss: 0.2023, acc: 0.9635
loss: 0.2287, acc: 0.9258
loss: 0.2323, acc: 0.9279
loss: 0.2386, acc: 0.9262
loss: 0.2441, acc: 0.9266
loss: 0.2493, acc: 0.9235
loss: 0.2515, acc: 0.9203
> val_acc: 0.7543, val_f1: 0.7221
>>>>>>>>>>>>>>>>>>>>>>>>>>>>>>>>>>>>>>>>>>>>>>>>>>>>>>>>>>>>>>>>>>>>>>>>>>>>>>>>>>>>>>>>>>>>>>>>>>>>
epoch: 85
loss: 0.2303, acc: 0.9375
loss: 0.2277, acc: 0.9297
loss: 0.2481, acc: 0.9250
loss: 0.2424, acc: 0.9289
loss: 0.2590, acc: 0.9225
loss: 0.2544, acc: 0.9245
> val_acc: 0.7586, val_f1: 0.7169
>>>>>>>>>>>>>>>>>>>>>>>>>>>>>>>>>>>>>>>>>>>>>>>>>>>>>>>>>>>>>>>>>>>>>>>>>>>>>>>>>>>>>>>>>>>>>>>>>>>>
epoch: 86
loss: 0.2009, acc: 0.9375
loss: 0.2244, acc: 0.9286
loss: 0.2302, acc: 0.9245
loss: 0.2343, acc: 0.9274
loss: 0.2418, acc: 0.9205
loss: 0.2465, acc: 0.9190
loss: 0.2505, acc: 0.9189
> val_acc: 0.7328, val_f1: 0.7010
>>>>>>>>>>>>>>>>>>>>>>>>>>>>>>>>>>>>>>>>>>>>>>>>>>>>>>>>>>>>>>>>>>>>>>>>>>>>>>>>>>>>>>>>>>>>>>>>>>>>
epoch: 87
loss: 0.2568, acc: 0.8906
loss: 0.2602, acc: 0.8941
loss: 0.2552, acc: 0.8984
loss: 0.2768, acc: 0.8906
loss: 0.2732, acc: 0.8926
loss: 0.2799, acc: 0.8955
> val_acc: 0.7198, val_f1: 0.6915
>>>>>>>>>>>>>>>>>>>>>>>>>>>>>>>>>>>>>>>>>>>>>>>>>>>>>>>>>>>>>>>>>>>>>>>>>>>>>>>>>>>>>>>>>>>>>>>>>>>>
epoch: 88
loss: 0.1527, acc: 0.9844
loss: 0.2005, acc: 0.9349
loss: 0.2157, acc: 0.9219
loss: 0.2330, acc: 0.9170
loss: 0.2325, acc: 0.9189
loss: 0.2485, acc: 0.9153
loss: 0.2508, acc: 0.9148
> val_acc: 0.7371, val_f1: 0.7119
>>>>>>>>>>>>>>>>>>>>>>>>>>>>>>>>>>>>>>>>>>>>>>>>>>>>>>>>>>>>>>>>>>>>>>>>>>>>>>>>>>>>>>>>>>>>>>>>>>>>
epoch: 89
loss: 0.2002, acc: 0.9479
loss: 0.2046, acc: 0.9414
loss: 0.2149, acc: 0.9267
loss: 0.2192, acc: 0.9271
loss: 0.2377, acc: 0.9198
loss: 0.2372, acc: 0.9191
loss: 0.2442, acc: 0.9175
> val_acc: 0.7371, val_f1: 0.7010
>>>>>>>>>>>>>>>>>>>>>>>>>>>>>>>>>>>>>>>>>>>>>>>>>>>>>>>>>>>>>>>>>>>>>>>>>>>>>>>>>>>>>>>>>>>>>>>>>>>>
epoch: 90
loss: 0.3003, acc: 0.8875
loss: 0.2860, acc: 0.9078
loss: 0.2797, acc: 0.9146
loss: 0.2680, acc: 0.9180
loss: 0.2773, acc: 0.9075
loss: 0.2749, acc: 0.9099
> val_acc: 0.7198, val_f1: 0.6921
>>>>>>>>>>>>>>>>>>>>>>>>>>>>>>>>>>>>>>>>>>>>>>>>>>>>>>>>>>>>>>>>>>>>>>>>>>>>>>>>>>>>>>>>>>>>>>>>>>>>
epoch: 91
loss: 0.2064, acc: 0.9531
loss: 0.2357, acc: 0.9241
loss: 0.2508, acc: 0.9271
loss: 0.2458, acc: 0.9256
loss: 0.2486, acc: 0.9247
loss: 0.2649, acc: 0.9120
loss: 0.2681, acc: 0.9116
> val_acc: 0.7371, val_f1: 0.7040
>>>>>>>>>>>>>>>>>>>>>>>>>>>>>>>>>>>>>>>>>>>>>>>>>>>>>>>>>>>>>>>>>>>>>>>>>>>>>>>>>>>>>>>>>>>>>>>>>>>>
epoch: 92
loss: 0.2333, acc: 0.9219
loss: 0.2479, acc: 0.9045
loss: 0.2426, acc: 0.9118
loss: 0.2464, acc: 0.9137
loss: 0.2477, acc: 0.9147
loss: 0.2562, acc: 0.9089
> val_acc: 0.7414, val_f1: 0.7058
>>>>>>>>>>>>>>>>>>>>>>>>>>>>>>>>>>>>>>>>>>>>>>>>>>>>>>>>>>>>>>>>>>>>>>>>>>>>>>>>>>>>>>>>>>>>>>>>>>>>
epoch: 93
loss: 0.2182, acc: 0.9062
loss: 0.2485, acc: 0.9167
loss: 0.2456, acc: 0.9148
loss: 0.2389, acc: 0.9189
loss: 0.2348, acc: 0.9219
loss: 0.2389, acc: 0.9183
loss: 0.2436, acc: 0.9158
> val_acc: 0.7500, val_f1: 0.7178
>>>>>>>>>>>>>>>>>>>>>>>>>>>>>>>>>>>>>>>>>>>>>>>>>>>>>>>>>>>>>>>>>>>>>>>>>>>>>>>>>>>>>>>>>>>>>>>>>>>>
epoch: 94
loss: 0.2274, acc: 0.9167
loss: 0.2056, acc: 0.9355
loss: 0.2260, acc: 0.9243
loss: 0.2364, acc: 0.9236
loss: 0.2359, acc: 0.9253
loss: 0.2354, acc: 0.9224
loss: 0.2325, acc: 0.9246
> val_acc: 0.7198, val_f1: 0.6837
>>>>>>>>>>>>>>>>>>>>>>>>>>>>>>>>>>>>>>>>>>>>>>>>>>>>>>>>>>>>>>>>>>>>>>>>>>>>>>>>>>>>>>>>>>>>>>>>>>>>
epoch: 95
loss: 0.2107, acc: 0.9375
loss: 0.2000, acc: 0.9437
loss: 0.2149, acc: 0.9333
loss: 0.2209, acc: 0.9289
loss: 0.2224, acc: 0.9281
loss: 0.2405, acc: 0.9214
> val_acc: 0.7328, val_f1: 0.7008
>>>>>>>>>>>>>>>>>>>>>>>>>>>>>>>>>>>>>>>>>>>>>>>>>>>>>>>>>>>>>>>>>>>>>>>>>>>>>>>>>>>>>>>>>>>>>>>>>>>>
epoch: 96
loss: 0.2468, acc: 0.9531
loss: 0.2340, acc: 0.9308
loss: 0.2277, acc: 0.9284
loss: 0.2273, acc: 0.9246
loss: 0.2257, acc: 0.9254
loss: 0.2181, acc: 0.9306
loss: 0.2305, acc: 0.9224
> val_acc: 0.7241, val_f1: 0.6983
>>>>>>>>>>>>>>>>>>>>>>>>>>>>>>>>>>>>>>>>>>>>>>>>>>>>>>>>>>>>>>>>>>>>>>>>>>>>>>>>>>>>>>>>>>>>>>>>>>>>
epoch: 97
loss: 0.1872, acc: 0.9648
loss: 0.1903, acc: 0.9514
loss: 0.2041, acc: 0.9453
loss: 0.2176, acc: 0.9334
loss: 0.2258, acc: 0.9297
loss: 0.2364, acc: 0.9240
> val_acc: 0.7328, val_f1: 0.6937
>>>>>>>>>>>>>>>>>>>>>>>>>>>>>>>>>>>>>>>>>>>>>>>>>>>>>>>>>>>>>>>>>>>>>>>>>>>>>>>>>>>>>>>>>>>>>>>>>>>>
epoch: 98
loss: 0.2710, acc: 0.9375
loss: 0.2590, acc: 0.9349
loss: 0.2478, acc: 0.9276
loss: 0.2607, acc: 0.9160
loss: 0.2630, acc: 0.9137
loss: 0.2687, acc: 0.9099
loss: 0.2668, acc: 0.9118
> val_acc: 0.7414, val_f1: 0.6993
>>>>>>>>>>>>>>>>>>>>>>>>>>>>>>>>>>>>>>>>>>>>>>>>>>>>>>>>>>>>>>>>>>>>>>>>>>>>>>>>>>>>>>>>>>>>>>>>>>>>
epoch: 99
loss: 0.2411, acc: 0.9323
loss: 0.2484, acc: 0.9219
loss: 0.2476, acc: 0.9243
loss: 0.2424, acc: 0.9236
loss: 0.2585, acc: 0.9137
loss: 0.2629, acc: 0.9129
loss: 0.2765, acc: 0.9070
> val_acc: 0.7026, val_f1: 0.6635
>>>>>>>>>>>>>>>>>>>>>>>>>>>>>>>>>>>>>>>>>>>>>>>>>>>>>>>>>>>>>>>>>>>>>>>>>>>>>>>>>>>>>>>>>>>>>>>>>>>>
epoch: 100
loss: 0.3214, acc: 0.8875
loss: 0.2961, acc: 0.9062
loss: 0.3074, acc: 0.8979
loss: 0.2978, acc: 0.9023
loss: 0.2938, acc: 0.8994
loss: 0.2903, acc: 0.9031
> val_acc: 0.7328, val_f1: 0.6931
>>>>>>>>>>>>>>>>>>>>>>>>>>>>>>>>>>>>>>>>>>>>>>>>>>>>>>>>>>>>>>>>>>>>>>>>>>>>>>>>>>>>>>>>>>>>>>>>>>>>
epoch: 101
loss: 0.2271, acc: 0.9453
loss: 0.2177, acc: 0.9286
loss: 0.2301, acc: 0.9219
loss: 0.2357, acc: 0.9219
loss: 0.2210, acc: 0.9297
loss: 0.2293, acc: 0.9265
loss: 0.2310, acc: 0.9243
> val_acc: 0.7198, val_f1: 0.6829
>>>>>>>>>>>>>>>>>>>>>>>>>>>>>>>>>>>>>>>>>>>>>>>>>>>>>>>>>>>>>>>>>>>>>>>>>>>>>>>>>>>>>>>>>>>>>>>>>>>>
epoch: 102
loss: 0.2110, acc: 0.9375
loss: 0.2112, acc: 0.9375
loss: 0.2114, acc: 0.9364
loss: 0.2192, acc: 0.9350
loss: 0.2253, acc: 0.9297
loss: 0.2275, acc: 0.9278
> val_acc: 0.7414, val_f1: 0.7076
>>>>>>>>>>>>>>>>>>>>>>>>>>>>>>>>>>>>>>>>>>>>>>>>>>>>>>>>>>>>>>>>>>>>>>>>>>>>>>>>>>>>>>>>>>>>>>>>>>>>
epoch: 103
loss: 0.1942, acc: 0.9219
loss: 0.2687, acc: 0.9115
loss: 0.2486, acc: 0.9205
loss: 0.2447, acc: 0.9238
loss: 0.2547, acc: 0.9196
loss: 0.2523, acc: 0.9195
loss: 0.2560, acc: 0.9168
> val_acc: 0.7457, val_f1: 0.7161
>>>>>>>>>>>>>>>>>>>>>>>>>>>>>>>>>>>>>>>>>>>>>>>>>>>>>>>>>>>>>>>>>>>>>>>>>>>>>>>>>>>>>>>>>>>>>>>>>>>>
epoch: 104
loss: 0.2186, acc: 0.9479
loss: 0.2269, acc: 0.9277
loss: 0.2393, acc: 0.9255
loss: 0.2678, acc: 0.9106
loss: 0.2806, acc: 0.8988
loss: 0.2776, acc: 0.9029
loss: 0.2719, acc: 0.9055
> val_acc: 0.7500, val_f1: 0.7212
>>>>>>>>>>>>>>>>>>>>>>>>>>>>>>>>>>>>>>>>>>>>>>>>>>>>>>>>>>>>>>>>>>>>>>>>>>>>>>>>>>>>>>>>>>>>>>>>>>>>
epoch: 105
loss: 0.2207, acc: 0.9281
loss: 0.2103, acc: 0.9328
loss: 0.2303, acc: 0.9292
loss: 0.2416, acc: 0.9242
loss: 0.2498, acc: 0.9144
loss: 0.2480, acc: 0.9125
> val_acc: 0.7026, val_f1: 0.6693
>>>>>>>>>>>>>>>>>>>>>>>>>>>>>>>>>>>>>>>>>>>>>>>>>>>>>>>>>>>>>>>>>>>>>>>>>>>>>>>>>>>>>>>>>>>>>>>>>>>>
epoch: 106
loss: 0.2786, acc: 0.8984
loss: 0.2420, acc: 0.9263
loss: 0.2290, acc: 0.9180
loss: 0.2309, acc: 0.9200
loss: 0.2351, acc: 0.9197
loss: 0.2347, acc: 0.9196
loss: 0.2389, acc: 0.9165
> val_acc: 0.7414, val_f1: 0.7026
>>>>>>>>>>>>>>>>>>>>>>>>>>>>>>>>>>>>>>>>>>>>>>>>>>>>>>>>>>>>>>>>>>>>>>>>>>>>>>>>>>>>>>>>>>>>>>>>>>>>
epoch: 107
loss: 0.2406, acc: 0.9141
loss: 0.2402, acc: 0.9167
loss: 0.2258, acc: 0.9241
loss: 0.2195, acc: 0.9276
loss: 0.2176, acc: 0.9303
loss: 0.2333, acc: 0.9230
> val_acc: 0.7284, val_f1: 0.7028
>>>>>>>>>>>>>>>>>>>>>>>>>>>>>>>>>>>>>>>>>>>>>>>>>>>>>>>>>>>>>>>>>>>>>>>>>>>>>>>>>>>>>>>>>>>>>>>>>>>>
epoch: 108
loss: 0.2494, acc: 0.9375
loss: 0.2062, acc: 0.9375
loss: 0.2055, acc: 0.9347
loss: 0.2068, acc: 0.9326
loss: 0.2099, acc: 0.9353
loss: 0.2229, acc: 0.9291
loss: 0.2237, acc: 0.9294
> val_acc: 0.7328, val_f1: 0.7050
>>>>>>>>>>>>>>>>>>>>>>>>>>>>>>>>>>>>>>>>>>>>>>>>>>>>>>>>>>>>>>>>>>>>>>>>>>>>>>>>>>>>>>>>>>>>>>>>>>>>
epoch: 109
loss: 0.2387, acc: 0.9271
loss: 0.2257, acc: 0.9297
loss: 0.2263, acc: 0.9231
loss: 0.2364, acc: 0.9201
loss: 0.2607, acc: 0.9096
loss: 0.2686, acc: 0.9023
loss: 0.2743, acc: 0.8984
> val_acc: 0.7414, val_f1: 0.7166
>>>>>>>>>>>>>>>>>>>>>>>>>>>>>>>>>>>>>>>>>>>>>>>>>>>>>>>>>>>>>>>>>>>>>>>>>>>>>>>>>>>>>>>>>>>>>>>>>>>>
epoch: 110
loss: 0.2290, acc: 0.9219
loss: 0.2346, acc: 0.9172
loss: 0.2215, acc: 0.9281
loss: 0.2273, acc: 0.9234
loss: 0.2322, acc: 0.9244
loss: 0.2355, acc: 0.9224
> val_acc: 0.7198, val_f1: 0.6889
>>>>>>>>>>>>>>>>>>>>>>>>>>>>>>>>>>>>>>>>>>>>>>>>>>>>>>>>>>>>>>>>>>>>>>>>>>>>>>>>>>>>>>>>>>>>>>>>>>>>
epoch: 111
loss: 0.2161, acc: 0.9453
loss: 0.1869, acc: 0.9464
loss: 0.1977, acc: 0.9427
loss: 0.2083, acc: 0.9375
loss: 0.2224, acc: 0.9276
loss: 0.2302, acc: 0.9248
loss: 0.2380, acc: 0.9175
> val_acc: 0.7457, val_f1: 0.7137
>>>>>>>>>>>>>>>>>>>>>>>>>>>>>>>>>>>>>>>>>>>>>>>>>>>>>>>>>>>>>>>>>>>>>>>>>>>>>>>>>>>>>>>>>>>>>>>>>>>>
epoch: 112
loss: 0.1985, acc: 0.9492
loss: 0.2204, acc: 0.9375
loss: 0.2041, acc: 0.9408
loss: 0.2073, acc: 0.9359
loss: 0.2137, acc: 0.9336
loss: 0.2131, acc: 0.9321
> val_acc: 0.7198, val_f1: 0.6908
>>>>>>>>>>>>>>>>>>>>>>>>>>>>>>>>>>>>>>>>>>>>>>>>>>>>>>>>>>>>>>>>>>>>>>>>>>>>>>>>>>>>>>>>>>>>>>>>>>>>
epoch: 113
loss: 0.1800, acc: 0.9531
loss: 0.1755, acc: 0.9401
loss: 0.1821, acc: 0.9361
loss: 0.1891, acc: 0.9385
loss: 0.1919, acc: 0.9390
loss: 0.2010, acc: 0.9339
loss: 0.2047, acc: 0.9330
> val_acc: 0.7284, val_f1: 0.6971
>>>>>>>>>>>>>>>>>>>>>>>>>>>>>>>>>>>>>>>>>>>>>>>>>>>>>>>>>>>>>>>>>>>>>>>>>>>>>>>>>>>>>>>>>>>>>>>>>>>>
epoch: 114
loss: 0.1652, acc: 0.9583
loss: 0.1627, acc: 0.9551
loss: 0.1789, acc: 0.9411
loss: 0.2048, acc: 0.9271
loss: 0.2093, acc: 0.9246
loss: 0.2128, acc: 0.9213
loss: 0.2126, acc: 0.9241
> val_acc: 0.7198, val_f1: 0.6889
>>>>>>>>>>>>>>>>>>>>>>>>>>>>>>>>>>>>>>>>>>>>>>>>>>>>>>>>>>>>>>>>>>>>>>>>>>>>>>>>>>>>>>>>>>>>>>>>>>>>
epoch: 115
loss: 0.1731, acc: 0.9437
loss: 0.1778, acc: 0.9453
loss: 0.1754, acc: 0.9469
loss: 0.1807, acc: 0.9422
loss: 0.1869, acc: 0.9431
loss: 0.2044, acc: 0.9323
> val_acc: 0.7328, val_f1: 0.7009
>>>>>>>>>>>>>>>>>>>>>>>>>>>>>>>>>>>>>>>>>>>>>>>>>>>>>>>>>>>>>>>>>>>>>>>>>>>>>>>>>>>>>>>>>>>>>>>>>>>>
epoch: 116
loss: 0.1929, acc: 0.9531
loss: 0.2020, acc: 0.9330
loss: 0.2085, acc: 0.9297
loss: 0.2205, acc: 0.9219
loss: 0.2188, acc: 0.9254
loss: 0.2217, acc: 0.9230
loss: 0.2311, acc: 0.9165
> val_acc: 0.7284, val_f1: 0.6935
>>>>>>>>>>>>>>>>>>>>>>>>>>>>>>>>>>>>>>>>>>>>>>>>>>>>>>>>>>>>>>>>>>>>>>>>>>>>>>>>>>>>>>>>>>>>>>>>>>>>
epoch: 117
loss: 0.1956, acc: 0.9375
loss: 0.1910, acc: 0.9410
loss: 0.1983, acc: 0.9342
loss: 0.2029, acc: 0.9317
loss: 0.2144, acc: 0.9264
loss: 0.2177, acc: 0.9256
> val_acc: 0.7328, val_f1: 0.6952
>>>>>>>>>>>>>>>>>>>>>>>>>>>>>>>>>>>>>>>>>>>>>>>>>>>>>>>>>>>>>>>>>>>>>>>>>>>>>>>>>>>>>>>>>>>>>>>>>>>>
epoch: 118
loss: 0.1708, acc: 0.9375
loss: 0.2136, acc: 0.9219
loss: 0.2148, acc: 0.9261
loss: 0.2150, acc: 0.9238
loss: 0.2164, acc: 0.9241
loss: 0.2150, acc: 0.9261
loss: 0.2259, acc: 0.9214
> val_acc: 0.7328, val_f1: 0.7014
>>>>>>>>>>>>>>>>>>>>>>>>>>>>>>>>>>>>>>>>>>>>>>>>>>>>>>>>>>>>>>>>>>>>>>>>>>>>>>>>>>>>>>>>>>>>>>>>>>>>
epoch: 119
loss: 0.2452, acc: 0.9010
loss: 0.2007, acc: 0.9219
loss: 0.1935, acc: 0.9315
loss: 0.2007, acc: 0.9280
loss: 0.2047, acc: 0.9266
loss: 0.2090, acc: 0.9286
loss: 0.2125, acc: 0.9284
> val_acc: 0.7198, val_f1: 0.6933
>>>>>>>>>>>>>>>>>>>>>>>>>>>>>>>>>>>>>>>>>>>>>>>>>>>>>>>>>>>>>>>>>>>>>>>>>>>>>>>>>>>>>>>>>>>>>>>>>>>>
epoch: 120
loss: 0.2219, acc: 0.9219
loss: 0.2113, acc: 0.9281
loss: 0.2050, acc: 0.9323
loss: 0.2142, acc: 0.9297
loss: 0.2170, acc: 0.9275
loss: 0.2143, acc: 0.9286
> val_acc: 0.7328, val_f1: 0.7024
>>>>>>>>>>>>>>>>>>>>>>>>>>>>>>>>>>>>>>>>>>>>>>>>>>>>>>>>>>>>>>>>>>>>>>>>>>>>>>>>>>>>>>>>>>>>>>>>>>>>
epoch: 121
loss: 0.2213, acc: 0.9375
loss: 0.1874, acc: 0.9576
loss: 0.1866, acc: 0.9544
loss: 0.1910, acc: 0.9494
loss: 0.1941, acc: 0.9489
loss: 0.2055, acc: 0.9416
loss: 0.2087, acc: 0.9380
> val_acc: 0.7284, val_f1: 0.6842
>>>>>>>>>>>>>>>>>>>>>>>>>>>>>>>>>>>>>>>>>>>>>>>>>>>>>>>>>>>>>>>>>>>>>>>>>>>>>>>>>>>>>>>>>>>>>>>>>>>>
epoch: 122
loss: 0.1812, acc: 0.9336
loss: 0.2054, acc: 0.9253
loss: 0.1893, acc: 0.9364
loss: 0.1876, acc: 0.9400
loss: 0.1954, acc: 0.9362
loss: 0.2001, acc: 0.9337
> val_acc: 0.7284, val_f1: 0.6875
>>>>>>>>>>>>>>>>>>>>>>>>>>>>>>>>>>>>>>>>>>>>>>>>>>>>>>>>>>>>>>>>>>>>>>>>>>>>>>>>>>>>>>>>>>>>>>>>>>>>
epoch: 123
loss: 0.1098, acc: 0.9688
loss: 0.2062, acc: 0.9349
loss: 0.1951, acc: 0.9332
loss: 0.2016, acc: 0.9297
loss: 0.2034, acc: 0.9315
loss: 0.2017, acc: 0.9345
loss: 0.2029, acc: 0.9320
> val_acc: 0.7457, val_f1: 0.7132
>>>>>>>>>>>>>>>>>>>>>>>>>>>>>>>>>>>>>>>>>>>>>>>>>>>>>>>>>>>>>>>>>>>>>>>>>>>>>>>>>>>>>>>>>>>>>>>>>>>>
epoch: 124
loss: 0.1706, acc: 0.9583
loss: 0.1959, acc: 0.9375
loss: 0.1903, acc: 0.9399
loss: 0.1920, acc: 0.9375
loss: 0.1950, acc: 0.9382
loss: 0.1961, acc: 0.9347
loss: 0.1995, acc: 0.9332
> val_acc: 0.7371, val_f1: 0.6939
>>>>>>>>>>>>>>>>>>>>>>>>>>>>>>>>>>>>>>>>>>>>>>>>>>>>>>>>>>>>>>>>>>>>>>>>>>>>>>>>>>>>>>>>>>>>>>>>>>>>
epoch: 125
loss: 0.1833, acc: 0.9437
loss: 0.1930, acc: 0.9516
loss: 0.2011, acc: 0.9427
loss: 0.2009, acc: 0.9430
loss: 0.2203, acc: 0.9306
loss: 0.2162, acc: 0.9307
> val_acc: 0.7716, val_f1: 0.7334
>>>>>>>>>>>>>>>>>>>>>>>>>>>>>>>>>>>>>>>>>>>>>>>>>>>>>>>>>>>>>>>>>>>>>>>>>>>>>>>>>>>>>>>>>>>>>>>>>>>>
epoch: 126
loss: 0.2318, acc: 0.9062
loss: 0.1949, acc: 0.9330
loss: 0.2036, acc: 0.9323
loss: 0.2109, acc: 0.9347
loss: 0.2098, acc: 0.9368
loss: 0.2157, acc: 0.9358
loss: 0.2182, acc: 0.9326
> val_acc: 0.7500, val_f1: 0.7210
>>>>>>>>>>>>>>>>>>>>>>>>>>>>>>>>>>>>>>>>>>>>>>>>>>>>>>>>>>>>>>>>>>>>>>>>>>>>>>>>>>>>>>>>>>>>>>>>>>>>
epoch: 127
loss: 0.2018, acc: 0.9336
loss: 0.2026, acc: 0.9340
loss: 0.2075, acc: 0.9319
loss: 0.2137, acc: 0.9293
loss: 0.2306, acc: 0.9245
loss: 0.2355, acc: 0.9208
> val_acc: 0.7371, val_f1: 0.7029
>>>>>>>>>>>>>>>>>>>>>>>>>>>>>>>>>>>>>>>>>>>>>>>>>>>>>>>>>>>>>>>>>>>>>>>>>>>>>>>>>>>>>>>>>>>>>>>>>>>>
epoch: 128
loss: 0.1413, acc: 0.9531
loss: 0.1945, acc: 0.9375
loss: 0.1857, acc: 0.9446
loss: 0.1923, acc: 0.9346
loss: 0.2031, acc: 0.9286
loss: 0.2027, acc: 0.9303
loss: 0.2000, acc: 0.9345
> val_acc: 0.7457, val_f1: 0.7171
>>>>>>>>>>>>>>>>>>>>>>>>>>>>>>>>>>>>>>>>>>>>>>>>>>>>>>>>>>>>>>>>>>>>>>>>>>>>>>>>>>>>>>>>>>>>>>>>>>>>
epoch: 129
loss: 0.1960, acc: 0.9375
loss: 0.2104, acc: 0.9375
loss: 0.1953, acc: 0.9363
loss: 0.2036, acc: 0.9358
loss: 0.2061, acc: 0.9327
loss: 0.2095, acc: 0.9319
loss: 0.2090, acc: 0.9318
> val_acc: 0.7328, val_f1: 0.6985
>>>>>>>>>>>>>>>>>>>>>>>>>>>>>>>>>>>>>>>>>>>>>>>>>>>>>>>>>>>>>>>>>>>>>>>>>>>>>>>>>>>>>>>>>>>>>>>>>>>>
epoch: 130
loss: 0.1988, acc: 0.9406
loss: 0.1777, acc: 0.9547
loss: 0.1937, acc: 0.9458
loss: 0.1996, acc: 0.9422
loss: 0.2001, acc: 0.9406
loss: 0.2001, acc: 0.9422
> val_acc: 0.7371, val_f1: 0.7077
>>>>>>>>>>>>>>>>>>>>>>>>>>>>>>>>>>>>>>>>>>>>>>>>>>>>>>>>>>>>>>>>>>>>>>>>>>>>>>>>>>>>>>>>>>>>>>>>>>>>
epoch: 131
loss: 0.2138, acc: 0.9453
loss: 0.1923, acc: 0.9442
loss: 0.1902, acc: 0.9479
loss: 0.1834, acc: 0.9485
loss: 0.1856, acc: 0.9439
loss: 0.1918, acc: 0.9392
loss: 0.1959, acc: 0.9380
> val_acc: 0.7198, val_f1: 0.6897
>>>>>>>>>>>>>>>>>>>>>>>>>>>>>>>>>>>>>>>>>>>>>>>>>>>>>>>>>>>>>>>>>>>>>>>>>>>>>>>>>>>>>>>>>>>>>>>>>>>>
epoch: 132
loss: 0.1837, acc: 0.9570
loss: 0.2058, acc: 0.9392
loss: 0.1919, acc: 0.9453
loss: 0.2098, acc: 0.9342
loss: 0.2132, acc: 0.9329
loss: 0.2250, acc: 0.9224
> val_acc: 0.7069, val_f1: 0.6669
>>>>>>>>>>>>>>>>>>>>>>>>>>>>>>>>>>>>>>>>>>>>>>>>>>>>>>>>>>>>>>>>>>>>>>>>>>>>>>>>>>>>>>>>>>>>>>>>>>>>
epoch: 133
loss: 0.4587, acc: 0.8750
loss: 0.2745, acc: 0.8984
loss: 0.2513, acc: 0.9219
loss: 0.2282, acc: 0.9297
loss: 0.2243, acc: 0.9323
loss: 0.2201, acc: 0.9321
loss: 0.2191, acc: 0.9315
> val_acc: 0.7414, val_f1: 0.7091
>>>>>>>>>>>>>>>>>>>>>>>>>>>>>>>>>>>>>>>>>>>>>>>>>>>>>>>>>>>>>>>>>>>>>>>>>>>>>>>>>>>>>>>>>>>>>>>>>>>>
epoch: 134
loss: 0.1607, acc: 0.9479
loss: 0.1621, acc: 0.9551
loss: 0.1773, acc: 0.9483
loss: 0.1732, acc: 0.9497
loss: 0.1768, acc: 0.9484
loss: 0.1757, acc: 0.9470
loss: 0.1791, acc: 0.9447
> val_acc: 0.7414, val_f1: 0.7086
>>>>>>>>>>>>>>>>>>>>>>>>>>>>>>>>>>>>>>>>>>>>>>>>>>>>>>>>>>>>>>>>>>>>>>>>>>>>>>>>>>>>>>>>>>>>>>>>>>>>
epoch: 135
loss: 0.1801, acc: 0.9656
loss: 0.1549, acc: 0.9688
loss: 0.1618, acc: 0.9615
loss: 0.1649, acc: 0.9578
loss: 0.1721, acc: 0.9531
loss: 0.1794, acc: 0.9443
> val_acc: 0.7414, val_f1: 0.7154
>>>>>>>>>>>>>>>>>>>>>>>>>>>>>>>>>>>>>>>>>>>>>>>>>>>>>>>>>>>>>>>>>>>>>>>>>>>>>>>>>>>>>>>>>>>>>>>>>>>>
epoch: 136
loss: 0.1651, acc: 0.9688
loss: 0.1715, acc: 0.9598
loss: 0.1742, acc: 0.9557
loss: 0.1696, acc: 0.9559
loss: 0.1715, acc: 0.9524
loss: 0.1779, acc: 0.9485
loss: 0.1807, acc: 0.9463
> val_acc: 0.7414, val_f1: 0.7140
>>>>>>>>>>>>>>>>>>>>>>>>>>>>>>>>>>>>>>>>>>>>>>>>>>>>>>>>>>>>>>>>>>>>>>>>>>>>>>>>>>>>>>>>>>>>>>>>>>>>
epoch: 137
loss: 0.1525, acc: 0.9492
loss: 0.1735, acc: 0.9497
loss: 0.1854, acc: 0.9386
loss: 0.1814, acc: 0.9441
loss: 0.1801, acc: 0.9440
loss: 0.1859, acc: 0.9407
> val_acc: 0.7198, val_f1: 0.6723
>>>>>>>>>>>>>>>>>>>>>>>>>>>>>>>>>>>>>>>>>>>>>>>>>>>>>>>>>>>>>>>>>>>>>>>>>>>>>>>>>>>>>>>>>>>>>>>>>>>>
epoch: 138
loss: 0.2517, acc: 0.9219
loss: 0.2109, acc: 0.9297
loss: 0.2168, acc: 0.9304
loss: 0.2209, acc: 0.9219
loss: 0.2547, acc: 0.9115
loss: 0.2602, acc: 0.9081
loss: 0.2655, acc: 0.9052
> val_acc: 0.7284, val_f1: 0.6982
>>>>>>>>>>>>>>>>>>>>>>>>>>>>>>>>>>>>>>>>>>>>>>>>>>>>>>>>>>>>>>>>>>>>>>>>>>>>>>>>>>>>>>>>>>>>>>>>>>>>
epoch: 139
loss: 0.1902, acc: 0.9427
loss: 0.2057, acc: 0.9316
loss: 0.2198, acc: 0.9255
loss: 0.2173, acc: 0.9280
loss: 0.2178, acc: 0.9293
loss: 0.2179, acc: 0.9308
loss: 0.2197, acc: 0.9284
> val_acc: 0.6940, val_f1: 0.6679
>>>>>>>>>>>>>>>>>>>>>>>>>>>>>>>>>>>>>>>>>>>>>>>>>>>>>>>>>>>>>>>>>>>>>>>>>>>>>>>>>>>>>>>>>>>>>>>>>>>>
epoch: 140
loss: 0.2034, acc: 0.9375
loss: 0.2042, acc: 0.9422
loss: 0.2034, acc: 0.9375
loss: 0.2128, acc: 0.9328
loss: 0.2129, acc: 0.9337
loss: 0.2139, acc: 0.9307
> val_acc: 0.7241, val_f1: 0.6929
>>>>>>>>>>>>>>>>>>>>>>>>>>>>>>>>>>>>>>>>>>>>>>>>>>>>>>>>>>>>>>>>>>>>>>>>>>>>>>>>>>>>>>>>>>>>>>>>>>>>
epoch: 141
loss: 0.2058, acc: 0.9297
loss: 0.1810, acc: 0.9353
loss: 0.1933, acc: 0.9323
loss: 0.1929, acc: 0.9301
loss: 0.1946, acc: 0.9311
loss: 0.2060, acc: 0.9311
loss: 0.2045, acc: 0.9321
> val_acc: 0.7328, val_f1: 0.7080
>>>>>>>>>>>>>>>>>>>>>>>>>>>>>>>>>>>>>>>>>>>>>>>>>>>>>>>>>>>>>>>>>>>>>>>>>>>>>>>>>>>>>>>>>>>>>>>>>>>>
epoch: 142
loss: 0.1593, acc: 0.9453
loss: 0.1851, acc: 0.9410
loss: 0.1756, acc: 0.9531
loss: 0.1863, acc: 0.9449
loss: 0.1840, acc: 0.9453
loss: 0.1890, acc: 0.9445
> val_acc: 0.7328, val_f1: 0.6972
>>>>>>>>>>>>>>>>>>>>>>>>>>>>>>>>>>>>>>>>>>>>>>>>>>>>>>>>>>>>>>>>>>>>>>>>>>>>>>>>>>>>>>>>>>>>>>>>>>>>
epoch: 143
loss: 0.1847, acc: 0.9688
loss: 0.2163, acc: 0.9141
loss: 0.2140, acc: 0.9261
loss: 0.2170, acc: 0.9297
loss: 0.2238, acc: 0.9226
loss: 0.2303, acc: 0.9219
loss: 0.2458, acc: 0.9163
> val_acc: 0.7328, val_f1: 0.7023
>>>>>>>>>>>>>>>>>>>>>>>>>>>>>>>>>>>>>>>>>>>>>>>>>>>>>>>>>>>>>>>>>>>>>>>>>>>>>>>>>>>>>>>>>>>>>>>>>>>>
epoch: 144
loss: 0.2384, acc: 0.9375
loss: 0.2673, acc: 0.9160
loss: 0.2570, acc: 0.9183
loss: 0.2663, acc: 0.9158
loss: 0.2712, acc: 0.9124
loss: 0.2698, acc: 0.9107
loss: 0.2612, acc: 0.9132
> val_acc: 0.7371, val_f1: 0.7123
>>>>>>>>>>>>>>>>>>>>>>>>>>>>>>>>>>>>>>>>>>>>>>>>>>>>>>>>>>>>>>>>>>>>>>>>>>>>>>>>>>>>>>>>>>>>>>>>>>>>
epoch: 145
loss: 0.2221, acc: 0.9313
loss: 0.2197, acc: 0.9266
loss: 0.2150, acc: 0.9323
loss: 0.2096, acc: 0.9344
loss: 0.2125, acc: 0.9313
loss: 0.2161, acc: 0.9302
> val_acc: 0.7241, val_f1: 0.6878
>>>>>>>>>>>>>>>>>>>>>>>>>>>>>>>>>>>>>>>>>>>>>>>>>>>>>>>>>>>>>>>>>>>>>>>>>>>>>>>>>>>>>>>>>>>>>>>>>>>>
epoch: 146
loss: 0.1281, acc: 0.9844
loss: 0.1873, acc: 0.9487
loss: 0.1971, acc: 0.9479
loss: 0.2040, acc: 0.9430
loss: 0.2055, acc: 0.9418
loss: 0.2095, acc: 0.9381
loss: 0.2105, acc: 0.9370
> val_acc: 0.7284, val_f1: 0.6975
>>>>>>>>>>>>>>>>>>>>>>>>>>>>>>>>>>>>>>>>>>>>>>>>>>>>>>>>>>>>>>>>>>>>>>>>>>>>>>>>>>>>>>>>>>>>>>>>>>>>
epoch: 147
loss: 0.1937, acc: 0.9531
loss: 0.2194, acc: 0.9306
loss: 0.2733, acc: 0.9051
loss: 0.2712, acc: 0.9087
loss: 0.2635, acc: 0.9167
loss: 0.2719, acc: 0.9122
> val_acc: 0.7543, val_f1: 0.7262
>>>>>>>>>>>>>>>>>>>>>>>>>>>>>>>>>>>>>>>>>>>>>>>>>>>>>>>>>>>>>>>>>>>>>>>>>>>>>>>>>>>>>>>>>>>>>>>>>>>>
epoch: 148
loss: 0.1248, acc: 0.9531
loss: 0.1778, acc: 0.9479
loss: 0.2082, acc: 0.9219
loss: 0.2156, acc: 0.9199
loss: 0.2090, acc: 0.9263
loss: 0.2279, acc: 0.9195
loss: 0.2325, acc: 0.9183
> val_acc: 0.7629, val_f1: 0.7298
>>>>>>>>>>>>>>>>>>>>>>>>>>>>>>>>>>>>>>>>>>>>>>>>>>>>>>>>>>>>>>>>>>>>>>>>>>>>>>>>>>>>>>>>>>>>>>>>>>>>
epoch: 149
loss: 0.2250, acc: 0.9167
loss: 0.2035, acc: 0.9375
loss: 0.2070, acc: 0.9363
loss: 0.2029, acc: 0.9375
loss: 0.2138, acc: 0.9300
loss: 0.2092, acc: 0.9336
loss: 0.2107, acc: 0.9327
> val_acc: 0.7500, val_f1: 0.7270
>>>>>>>>>>>>>>>>>>>>>>>>>>>>>>>>>>>>>>>>>>>>>>>>>>>>>>>>>>>>>>>>>>>>>>>>>>>>>>>>>>>>>>>>>>>>>>>>>>>>
epoch: 150
loss: 0.1597, acc: 0.9688
loss: 0.1729, acc: 0.9563
loss: 0.1772, acc: 0.9510
loss: 0.1825, acc: 0.9492
loss: 0.1898, acc: 0.9456
loss: 0.1860, acc: 0.9474
> val_acc: 0.7500, val_f1: 0.7260
>>>>>>>>>>>>>>>>>>>>>>>>>>>>>>>>>>>>>>>>>>>>>>>>>>>>>>>>>>>>>>>>>>>>>>>>>>>>>>>>>>>>>>>>>>>>>>>>>>>>
epoch: 151
loss: 0.1670, acc: 0.9688
loss: 0.1575, acc: 0.9643
loss: 0.1654, acc: 0.9596
loss: 0.1649, acc: 0.9550
loss: 0.1620, acc: 0.9567
loss: 0.1680, acc: 0.9508
loss: 0.1695, acc: 0.9502
> val_acc: 0.7500, val_f1: 0.7188
>>>>>>>>>>>>>>>>>>>>>>>>>>>>>>>>>>>>>>>>>>>>>>>>>>>>>>>>>>>>>>>>>>>>>>>>>>>>>>>>>>>>>>>>>>>>>>>>>>>>
epoch: 152
loss: 0.1770, acc: 0.9492
loss: 0.1801, acc: 0.9427
loss: 0.1668, acc: 0.9498
loss: 0.1856, acc: 0.9367
loss: 0.2121, acc: 0.9277
loss: 0.2127, acc: 0.9294
> val_acc: 0.7371, val_f1: 0.7035
>>>>>>>>>>>>>>>>>>>>>>>>>>>>>>>>>>>>>>>>>>>>>>>>>>>>>>>>>>>>>>>>>>>>>>>>>>>>>>>>>>>>>>>>>>>>>>>>>>>>
epoch: 153
loss: 0.1778, acc: 0.9531
loss: 0.2027, acc: 0.9375
loss: 0.1960, acc: 0.9474
loss: 0.2103, acc: 0.9404
loss: 0.2121, acc: 0.9397
loss: 0.2072, acc: 0.9375
loss: 0.2055, acc: 0.9365
> val_acc: 0.7371, val_f1: 0.7147
>>>>>>>>>>>>>>>>>>>>>>>>>>>>>>>>>>>>>>>>>>>>>>>>>>>>>>>>>>>>>>>>>>>>>>>>>>>>>>>>>>>>>>>>>>>>>>>>>>>>
epoch: 154
loss: 0.1605, acc: 0.9531
loss: 0.1784, acc: 0.9492
loss: 0.1912, acc: 0.9447
loss: 0.1863, acc: 0.9505
loss: 0.1889, acc: 0.9470
loss: 0.1876, acc: 0.9459
loss: 0.1874, acc: 0.9447
> val_acc: 0.7371, val_f1: 0.6973
>>>>>>>>>>>>>>>>>>>>>>>>>>>>>>>>>>>>>>>>>>>>>>>>>>>>>>>>>>>>>>>>>>>>>>>>>>>>>>>>>>>>>>>>>>>>>>>>>>>>
epoch: 155
loss: 0.1598, acc: 0.9688
loss: 0.1762, acc: 0.9547
loss: 0.1653, acc: 0.9542
loss: 0.1722, acc: 0.9500
loss: 0.1690, acc: 0.9519
loss: 0.1751, acc: 0.9479
> val_acc: 0.7543, val_f1: 0.7153
>>>>>>>>>>>>>>>>>>>>>>>>>>>>>>>>>>>>>>>>>>>>>>>>>>>>>>>>>>>>>>>>>>>>>>>>>>>>>>>>>>>>>>>>>>>>>>>>>>>>
epoch: 156
loss: 0.1757, acc: 0.9297
loss: 0.2095, acc: 0.9174
loss: 0.2082, acc: 0.9271
loss: 0.1897, acc: 0.9347
loss: 0.1852, acc: 0.9368
loss: 0.1891, acc: 0.9387
loss: 0.1902, acc: 0.9370
> val_acc: 0.7457, val_f1: 0.7203
>>>>>>>>>>>>>>>>>>>>>>>>>>>>>>>>>>>>>>>>>>>>>>>>>>>>>>>>>>>>>>>>>>>>>>>>>>>>>>>>>>>>>>>>>>>>>>>>>>>>
epoch: 157
loss: 0.1423, acc: 0.9609
loss: 0.1591, acc: 0.9635
loss: 0.1591, acc: 0.9621
loss: 0.1586, acc: 0.9597
loss: 0.1638, acc: 0.9538
loss: 0.1646, acc: 0.9531
> val_acc: 0.7500, val_f1: 0.7207
>>>>>>>>>>>>>>>>>>>>>>>>>>>>>>>>>>>>>>>>>>>>>>>>>>>>>>>>>>>>>>>>>>>>>>>>>>>>>>>>>>>>>>>>>>>>>>>>>>>>
epoch: 158
loss: 0.1699, acc: 0.9531
loss: 0.1525, acc: 0.9583
loss: 0.1516, acc: 0.9588
loss: 0.1673, acc: 0.9561
loss: 0.1623, acc: 0.9539
loss: 0.1695, acc: 0.9513
loss: 0.1672, acc: 0.9521
> val_acc: 0.7328, val_f1: 0.6865
>>>>>>>>>>>>>>>>>>>>>>>>>>>>>>>>>>>>>>>>>>>>>>>>>>>>>>>>>>>>>>>>>>>>>>>>>>>>>>>>>>>>>>>>>>>>>>>>>>>>
epoch: 159
loss: 0.1807, acc: 0.9583
loss: 0.1691, acc: 0.9590
loss: 0.1690, acc: 0.9543
loss: 0.1789, acc: 0.9497
loss: 0.1884, acc: 0.9470
loss: 0.1998, acc: 0.9431
loss: 0.2052, acc: 0.9380
> val_acc: 0.7371, val_f1: 0.7080
>>>>>>>>>>>>>>>>>>>>>>>>>>>>>>>>>>>>>>>>>>>>>>>>>>>>>>>>>>>>>>>>>>>>>>>>>>>>>>>>>>>>>>>>>>>>>>>>>>>>
epoch: 160
loss: 0.2202, acc: 0.9375
loss: 0.2133, acc: 0.9344
loss: 0.2025, acc: 0.9437
loss: 0.2020, acc: 0.9430
loss: 0.2042, acc: 0.9406
loss: 0.2130, acc: 0.9339
> val_acc: 0.7586, val_f1: 0.7231
>>>>>>>>>>>>>>>>>>>>>>>>>>>>>>>>>>>>>>>>>>>>>>>>>>>>>>>>>>>>>>>>>>>>>>>>>>>>>>>>>>>>>>>>>>>>>>>>>>>>
epoch: 161
loss: 0.1370, acc: 0.9688
loss: 0.1961, acc: 0.9554
loss: 0.2536, acc: 0.9323
loss: 0.2664, acc: 0.9191
loss: 0.2613, acc: 0.9141
loss: 0.2706, acc: 0.9097
loss: 0.2844, acc: 0.9048
> val_acc: 0.7500, val_f1: 0.7186
>>>>>>>>>>>>>>>>>>>>>>>>>>>>>>>>>>>>>>>>>>>>>>>>>>>>>>>>>>>>>>>>>>>>>>>>>>>>>>>>>>>>>>>>>>>>>>>>>>>>
epoch: 162
loss: 0.2287, acc: 0.9258
loss: 0.2183, acc: 0.9340
loss: 0.2153, acc: 0.9364
loss: 0.2122, acc: 0.9367
loss: 0.2135, acc: 0.9342
loss: 0.2251, acc: 0.9300
> val_acc: 0.7586, val_f1: 0.7294
>>>>>>>>>>>>>>>>>>>>>>>>>>>>>>>>>>>>>>>>>>>>>>>>>>>>>>>>>>>>>>>>>>>>>>>>>>>>>>>>>>>>>>>>>>>>>>>>>>>>
epoch: 163
loss: 0.1461, acc: 0.9688
loss: 0.2357, acc: 0.9193
loss: 0.2148, acc: 0.9276
loss: 0.2154, acc: 0.9307
loss: 0.2203, acc: 0.9315
loss: 0.2323, acc: 0.9273
loss: 0.2322, acc: 0.9274
> val_acc: 0.7457, val_f1: 0.7140
>>>>>>>>>>>>>>>>>>>>>>>>>>>>>>>>>>>>>>>>>>>>>>>>>>>>>>>>>>>>>>>>>>>>>>>>>>>>>>>>>>>>>>>>>>>>>>>>>>>>
epoch: 164
loss: 0.1745, acc: 0.9531
loss: 0.1921, acc: 0.9570
loss: 0.1893, acc: 0.9459
loss: 0.1999, acc: 0.9384
loss: 0.1979, acc: 0.9382
loss: 0.2003, acc: 0.9358
loss: 0.2013, acc: 0.9361
> val_acc: 0.7371, val_f1: 0.7062
>>>>>>>>>>>>>>>>>>>>>>>>>>>>>>>>>>>>>>>>>>>>>>>>>>>>>>>>>>>>>>>>>>>>>>>>>>>>>>>>>>>>>>>>>>>>>>>>>>>>
epoch: 165
loss: 0.1592, acc: 0.9531
loss: 0.1657, acc: 0.9547
loss: 0.1671, acc: 0.9531
loss: 0.1647, acc: 0.9539
loss: 0.1676, acc: 0.9506
loss: 0.1711, acc: 0.9505
> val_acc: 0.7371, val_f1: 0.7091
>>>>>>>>>>>>>>>>>>>>>>>>>>>>>>>>>>>>>>>>>>>>>>>>>>>>>>>>>>>>>>>>>>>>>>>>>>>>>>>>>>>>>>>>>>>>>>>>>>>>
epoch: 166
loss: 0.1717, acc: 0.9453
loss: 0.1765, acc: 0.9464
loss: 0.1733, acc: 0.9505
loss: 0.1715, acc: 0.9504
loss: 0.1691, acc: 0.9503
loss: 0.1661, acc: 0.9497
loss: 0.1724, acc: 0.9487
> val_acc: 0.7414, val_f1: 0.7051
>>>>>>>>>>>>>>>>>>>>>>>>>>>>>>>>>>>>>>>>>>>>>>>>>>>>>>>>>>>>>>>>>>>>>>>>>>>>>>>>>>>>>>>>>>>>>>>>>>>>
epoch: 167
loss: 0.1691, acc: 0.9453
loss: 0.1622, acc: 0.9531
loss: 0.1814, acc: 0.9431
loss: 0.1831, acc: 0.9416
loss: 0.1893, acc: 0.9362
loss: 0.1917, acc: 0.9337
> val_acc: 0.7414, val_f1: 0.7076
>>>>>>>>>>>>>>>>>>>>>>>>>>>>>>>>>>>>>>>>>>>>>>>>>>>>>>>>>>>>>>>>>>>>>>>>>>>>>>>>>>>>>>>>>>>>>>>>>>>>
epoch: 168
loss: 0.1188, acc: 0.9844
loss: 0.1710, acc: 0.9531
loss: 0.1807, acc: 0.9517
loss: 0.1699, acc: 0.9521
loss: 0.1727, acc: 0.9479
loss: 0.1759, acc: 0.9447
loss: 0.1724, acc: 0.9476
> val_acc: 0.7241, val_f1: 0.6913
>>>>>>>>>>>>>>>>>>>>>>>>>>>>>>>>>>>>>>>>>>>>>>>>>>>>>>>>>>>>>>>>>>>>>>>>>>>>>>>>>>>>>>>>>>>>>>>>>>>>
epoch: 169
loss: 0.1706, acc: 0.9427
loss: 0.1574, acc: 0.9551
loss: 0.1672, acc: 0.9531
loss: 0.1629, acc: 0.9549
loss: 0.1656, acc: 0.9545
loss: 0.1694, acc: 0.9520
loss: 0.1757, acc: 0.9485
> val_acc: 0.7457, val_f1: 0.7228
>>>>>>>>>>>>>>>>>>>>>>>>>>>>>>>>>>>>>>>>>>>>>>>>>>>>>>>>>>>>>>>>>>>>>>>>>>>>>>>>>>>>>>>>>>>>>>>>>>>>
epoch: 170
loss: 0.1567, acc: 0.9594
loss: 0.1591, acc: 0.9563
loss: 0.1567, acc: 0.9573
loss: 0.1626, acc: 0.9563
loss: 0.1611, acc: 0.9537
loss: 0.1579, acc: 0.9557
> val_acc: 0.7328, val_f1: 0.7036
>>>>>>>>>>>>>>>>>>>>>>>>>>>>>>>>>>>>>>>>>>>>>>>>>>>>>>>>>>>>>>>>>>>>>>>>>>>>>>>>>>>>>>>>>>>>>>>>>>>>
epoch: 171
loss: 0.1455, acc: 0.9609
loss: 0.1413, acc: 0.9643
loss: 0.1538, acc: 0.9570
loss: 0.1523, acc: 0.9623
loss: 0.1581, acc: 0.9588
loss: 0.1613, acc: 0.9531
loss: 0.1603, acc: 0.9521
> val_acc: 0.7284, val_f1: 0.6954
>>>>>>>>>>>>>>>>>>>>>>>>>>>>>>>>>>>>>>>>>>>>>>>>>>>>>>>>>>>>>>>>>>>>>>>>>>>>>>>>>>>>>>>>>>>>>>>>>>>>
epoch: 172
loss: 0.1838, acc: 0.9453
loss: 0.1830, acc: 0.9497
loss: 0.1701, acc: 0.9565
loss: 0.1675, acc: 0.9548
loss: 0.1652, acc: 0.9551
loss: 0.1662, acc: 0.9542
> val_acc: 0.7284, val_f1: 0.6974
>>>>>>>>>>>>>>>>>>>>>>>>>>>>>>>>>>>>>>>>>>>>>>>>>>>>>>>>>>>>>>>>>>>>>>>>>>>>>>>>>>>>>>>>>>>>>>>>>>>>
epoch: 173
loss: 0.1761, acc: 0.9688
loss: 0.2213, acc: 0.9297
loss: 0.2136, acc: 0.9318
loss: 0.2019, acc: 0.9326
loss: 0.1921, acc: 0.9360
loss: 0.1935, acc: 0.9357
loss: 0.1893, acc: 0.9395
> val_acc: 0.7371, val_f1: 0.7046
>>>>>>>>>>>>>>>>>>>>>>>>>>>>>>>>>>>>>>>>>>>>>>>>>>>>>>>>>>>>>>>>>>>>>>>>>>>>>>>>>>>>>>>>>>>>>>>>>>>>
epoch: 174
loss: 0.1481, acc: 0.9479
loss: 0.1700, acc: 0.9434
loss: 0.1653, acc: 0.9447
loss: 0.1677, acc: 0.9453
loss: 0.1673, acc: 0.9497
loss: 0.1720, acc: 0.9448
loss: 0.1758, acc: 0.9413
> val_acc: 0.7500, val_f1: 0.7180
>>>>>>>>>>>>>>>>>>>>>>>>>>>>>>>>>>>>>>>>>>>>>>>>>>>>>>>>>>>>>>>>>>>>>>>>>>>>>>>>>>>>>>>>>>>>>>>>>>>>
epoch: 175
loss: 0.1728, acc: 0.9500
loss: 0.1648, acc: 0.9516
loss: 0.1705, acc: 0.9479
loss: 0.1880, acc: 0.9437
loss: 0.1872, acc: 0.9431
loss: 0.1894, acc: 0.9391
> val_acc: 0.7241, val_f1: 0.7015
>>>>>>>>>>>>>>>>>>>>>>>>>>>>>>>>>>>>>>>>>>>>>>>>>>>>>>>>>>>>>>>>>>>>>>>>>>>>>>>>>>>>>>>>>>>>>>>>>>>>
epoch: 176
loss: 0.2440, acc: 0.9141
loss: 0.2159, acc: 0.9263
loss: 0.2058, acc: 0.9349
loss: 0.1997, acc: 0.9347
loss: 0.2025, acc: 0.9339
loss: 0.2056, acc: 0.9317
loss: 0.2019, acc: 0.9326
> val_acc: 0.7457, val_f1: 0.7150
>>>>>>>>>>>>>>>>>>>>>>>>>>>>>>>>>>>>>>>>>>>>>>>>>>>>>>>>>>>>>>>>>>>>>>>>>>>>>>>>>>>>>>>>>>>>>>>>>>>>
epoch: 177
loss: 0.1680, acc: 0.9570
loss: 0.1520, acc: 0.9583
loss: 0.1494, acc: 0.9565
loss: 0.1599, acc: 0.9531
loss: 0.1717, acc: 0.9486
loss: 0.1807, acc: 0.9445
> val_acc: 0.7414, val_f1: 0.7173
>>>>>>>>>>>>>>>>>>>>>>>>>>>>>>>>>>>>>>>>>>>>>>>>>>>>>>>>>>>>>>>>>>>>>>>>>>>>>>>>>>>>>>>>>>>>>>>>>>>>
epoch: 178
loss: 0.1044, acc: 1.0000
loss: 0.1496, acc: 0.9714
loss: 0.1724, acc: 0.9588
loss: 0.1735, acc: 0.9521
loss: 0.1722, acc: 0.9531
loss: 0.1800, acc: 0.9495
loss: 0.1802, acc: 0.9486
> val_acc: 0.7284, val_f1: 0.7025
>>>>>>>>>>>>>>>>>>>>>>>>>>>>>>>>>>>>>>>>>>>>>>>>>>>>>>>>>>>>>>>>>>>>>>>>>>>>>>>>>>>>>>>>>>>>>>>>>>>>
epoch: 179
loss: 0.1321, acc: 0.9792
loss: 0.1650, acc: 0.9590
loss: 0.1663, acc: 0.9555
loss: 0.1834, acc: 0.9505
loss: 0.1993, acc: 0.9409
loss: 0.2015, acc: 0.9364
loss: 0.2188, acc: 0.9299
> val_acc: 0.7198, val_f1: 0.6943
>>>>>>>>>>>>>>>>>>>>>>>>>>>>>>>>>>>>>>>>>>>>>>>>>>>>>>>>>>>>>>>>>>>>>>>>>>>>>>>>>>>>>>>>>>>>>>>>>>>>
epoch: 180
loss: 0.2162, acc: 0.9531
loss: 0.2110, acc: 0.9391
loss: 0.2218, acc: 0.9302
loss: 0.2318, acc: 0.9258
loss: 0.2433, acc: 0.9219
loss: 0.2429, acc: 0.9224
> val_acc: 0.7457, val_f1: 0.7099
>>>>>>>>>>>>>>>>>>>>>>>>>>>>>>>>>>>>>>>>>>>>>>>>>>>>>>>>>>>>>>>>>>>>>>>>>>>>>>>>>>>>>>>>>>>>>>>>>>>>
epoch: 181
loss: 0.1894, acc: 0.9766
loss: 0.2114, acc: 0.9464
loss: 0.2061, acc: 0.9440
loss: 0.2122, acc: 0.9384
loss: 0.2256, acc: 0.9311
loss: 0.2339, acc: 0.9230
loss: 0.2378, acc: 0.9209
> val_acc: 0.7414, val_f1: 0.7139
>>>>>>>>>>>>>>>>>>>>>>>>>>>>>>>>>>>>>>>>>>>>>>>>>>>>>>>>>>>>>>>>>>>>>>>>>>>>>>>>>>>>>>>>>>>>>>>>>>>>
epoch: 182
loss: 0.2452, acc: 0.9141
loss: 0.2376, acc: 0.9167
loss: 0.2646, acc: 0.9062
loss: 0.2665, acc: 0.9079
loss: 0.2521, acc: 0.9134
loss: 0.2498, acc: 0.9127
> val_acc: 0.6940, val_f1: 0.6682
>>>>>>>>>>>>>>>>>>>>>>>>>>>>>>>>>>>>>>>>>>>>>>>>>>>>>>>>>>>>>>>>>>>>>>>>>>>>>>>>>>>>>>>>>>>>>>>>>>>>
epoch: 183
loss: 0.2146, acc: 0.9219
loss: 0.1623, acc: 0.9401
loss: 0.1796, acc: 0.9375
loss: 0.1879, acc: 0.9365
loss: 0.1942, acc: 0.9353
loss: 0.1914, acc: 0.9363
loss: 0.1942, acc: 0.9335
> val_acc: 0.7500, val_f1: 0.7147
>>>>>>>>>>>>>>>>>>>>>>>>>>>>>>>>>>>>>>>>>>>>>>>>>>>>>>>>>>>>>>>>>>>>>>>>>>>>>>>>>>>>>>>>>>>>>>>>>>>>
epoch: 184
loss: 0.1983, acc: 0.9271
loss: 0.1839, acc: 0.9355
loss: 0.1691, acc: 0.9411
loss: 0.1728, acc: 0.9410
loss: 0.1810, acc: 0.9382
loss: 0.1815, acc: 0.9403
loss: 0.1800, acc: 0.9427
> val_acc: 0.7414, val_f1: 0.7082
>>>>>>>>>>>>>>>>>>>>>>>>>>>>>>>>>>>>>>>>>>>>>>>>>>>>>>>>>>>>>>>>>>>>>>>>>>>>>>>>>>>>>>>>>>>>>>>>>>>>
epoch: 185
loss: 0.1561, acc: 0.9531
loss: 0.1682, acc: 0.9484
loss: 0.1679, acc: 0.9510
loss: 0.1617, acc: 0.9523
loss: 0.1642, acc: 0.9500
loss: 0.1674, acc: 0.9505
> val_acc: 0.7198, val_f1: 0.6924
>>>>>>>>>>>>>>>>>>>>>>>>>>>>>>>>>>>>>>>>>>>>>>>>>>>>>>>>>>>>>>>>>>>>>>>>>>>>>>>>>>>>>>>>>>>>>>>>>>>>
epoch: 186
loss: 0.1444, acc: 0.9609
loss: 0.1353, acc: 0.9531
loss: 0.1386, acc: 0.9557
loss: 0.1420, acc: 0.9550
loss: 0.1485, acc: 0.9517
loss: 0.1541, acc: 0.9531
loss: 0.1565, acc: 0.9521
> val_acc: 0.7328, val_f1: 0.7031
>>>>>>>>>>>>>>>>>>>>>>>>>>>>>>>>>>>>>>>>>>>>>>>>>>>>>>>>>>>>>>>>>>>>>>>>>>>>>>>>>>>>>>>>>>>>>>>>>>>>
epoch: 187
loss: 0.1155, acc: 0.9727
loss: 0.1294, acc: 0.9670
loss: 0.1423, acc: 0.9632
loss: 0.1405, acc: 0.9622
loss: 0.1498, acc: 0.9570
loss: 0.1496, acc: 0.9574
> val_acc: 0.7586, val_f1: 0.7293
>>>>>>>>>>>>>>>>>>>>>>>>>>>>>>>>>>>>>>>>>>>>>>>>>>>>>>>>>>>>>>>>>>>>>>>>>>>>>>>>>>>>>>>>>>>>>>>>>>>>
epoch: 188
loss: 0.1766, acc: 0.9688
loss: 0.1466, acc: 0.9714
loss: 0.1561, acc: 0.9588
loss: 0.1531, acc: 0.9590
loss: 0.1535, acc: 0.9576
loss: 0.1571, acc: 0.9555
loss: 0.1557, acc: 0.9546
> val_acc: 0.7500, val_f1: 0.7232
>>>>>>>>>>>>>>>>>>>>>>>>>>>>>>>>>>>>>>>>>>>>>>>>>>>>>>>>>>>>>>>>>>>>>>>>>>>>>>>>>>>>>>>>>>>>>>>>>>>>
epoch: 189
loss: 0.1568, acc: 0.9531
loss: 0.1286, acc: 0.9668
loss: 0.1387, acc: 0.9651
loss: 0.1483, acc: 0.9635
loss: 0.1545, acc: 0.9572
loss: 0.1532, acc: 0.9548
loss: 0.1588, acc: 0.9523
> val_acc: 0.7543, val_f1: 0.7252
>>>>>>>>>>>>>>>>>>>>>>>>>>>>>>>>>>>>>>>>>>>>>>>>>>>>>>>>>>>>>>>>>>>>>>>>>>>>>>>>>>>>>>>>>>>>>>>>>>>>
epoch: 190
loss: 0.1186, acc: 0.9750
loss: 0.1343, acc: 0.9641
loss: 0.1493, acc: 0.9573
loss: 0.1501, acc: 0.9547
loss: 0.1550, acc: 0.9519
loss: 0.1618, acc: 0.9479
> val_acc: 0.7500, val_f1: 0.7175
>>>>>>>>>>>>>>>>>>>>>>>>>>>>>>>>>>>>>>>>>>>>>>>>>>>>>>>>>>>>>>>>>>>>>>>>>>>>>>>>>>>>>>>>>>>>>>>>>>>>
epoch: 191
loss: 0.1401, acc: 0.9609
loss: 0.1453, acc: 0.9598
loss: 0.1502, acc: 0.9505
loss: 0.1518, acc: 0.9531
loss: 0.1688, acc: 0.9467
loss: 0.1739, acc: 0.9439
loss: 0.1754, acc: 0.9424
> val_acc: 0.7284, val_f1: 0.6968
>>>>>>>>>>>>>>>>>>>>>>>>>>>>>>>>>>>>>>>>>>>>>>>>>>>>>>>>>>>>>>>>>>>>>>>>>>>>>>>>>>>>>>>>>>>>>>>>>>>>
epoch: 192
loss: 0.1341, acc: 0.9766
loss: 0.1409, acc: 0.9688
loss: 0.1715, acc: 0.9498
loss: 0.1782, acc: 0.9433
loss: 0.1989, acc: 0.9362
loss: 0.2046, acc: 0.9359
> val_acc: 0.7414, val_f1: 0.7083
>>>>>>>>>>>>>>>>>>>>>>>>>>>>>>>>>>>>>>>>>>>>>>>>>>>>>>>>>>>>>>>>>>>>>>>>>>>>>>>>>>>>>>>>>>>>>>>>>>>>
epoch: 193
loss: 0.1282, acc: 0.9531
loss: 0.1681, acc: 0.9557
loss: 0.1635, acc: 0.9517
loss: 0.1724, acc: 0.9492
loss: 0.1817, acc: 0.9449
loss: 0.1885, acc: 0.9411
loss: 0.1982, acc: 0.9350
> val_acc: 0.7241, val_f1: 0.6912
>>>>>>>>>>>>>>>>>>>>>>>>>>>>>>>>>>>>>>>>>>>>>>>>>>>>>>>>>>>>>>>>>>>>>>>>>>>>>>>>>>>>>>>>>>>>>>>>>>>>
epoch: 194
loss: 0.1765, acc: 0.9427
loss: 0.2124, acc: 0.9238
loss: 0.2352, acc: 0.9195
loss: 0.2303, acc: 0.9210
loss: 0.2242, acc: 0.9253
loss: 0.2201, acc: 0.9258
loss: 0.2187, acc: 0.9256
> val_acc: 0.7457, val_f1: 0.7166
>>>>>>>>>>>>>>>>>>>>>>>>>>>>>>>>>>>>>>>>>>>>>>>>>>>>>>>>>>>>>>>>>>>>>>>>>>>>>>>>>>>>>>>>>>>>>>>>>>>>
epoch: 195
loss: 0.1731, acc: 0.9531
loss: 0.1723, acc: 0.9500
loss: 0.1711, acc: 0.9531
loss: 0.1684, acc: 0.9523
loss: 0.1692, acc: 0.9513
loss: 0.1703, acc: 0.9510
> val_acc: 0.7328, val_f1: 0.6964
>>>>>>>>>>>>>>>>>>>>>>>>>>>>>>>>>>>>>>>>>>>>>>>>>>>>>>>>>>>>>>>>>>>>>>>>>>>>>>>>>>>>>>>>>>>>>>>>>>>>
epoch: 196
loss: 0.1339, acc: 0.9844
loss: 0.1591, acc: 0.9576
loss: 0.1666, acc: 0.9466
loss: 0.1789, acc: 0.9403
loss: 0.1847, acc: 0.9361
loss: 0.1846, acc: 0.9352
loss: 0.1889, acc: 0.9346
> val_acc: 0.7414, val_f1: 0.7166
>>>>>>>>>>>>>>>>>>>>>>>>>>>>>>>>>>>>>>>>>>>>>>>>>>>>>>>>>>>>>>>>>>>>>>>>>>>>>>>>>>>>>>>>>>>>>>>>>>>>
epoch: 197
loss: 0.1892, acc: 0.9375
loss: 0.1811, acc: 0.9427
loss: 0.1747, acc: 0.9475
loss: 0.1693, acc: 0.9523
loss: 0.1668, acc: 0.9531
loss: 0.1669, acc: 0.9531
> val_acc: 0.7500, val_f1: 0.7204
>>>>>>>>>>>>>>>>>>>>>>>>>>>>>>>>>>>>>>>>>>>>>>>>>>>>>>>>>>>>>>>>>>>>>>>>>>>>>>>>>>>>>>>>>>>>>>>>>>>>
epoch: 198
loss: 0.1470, acc: 0.9688
loss: 0.1694, acc: 0.9714
loss: 0.1415, acc: 0.9773
loss: 0.1364, acc: 0.9756
loss: 0.1355, acc: 0.9695
loss: 0.1437, acc: 0.9627
loss: 0.1505, acc: 0.9607
> val_acc: 0.7284, val_f1: 0.6885
>>>>>>>>>>>>>>>>>>>>>>>>>>>>>>>>>>>>>>>>>>>>>>>>>>>>>>>>>>>>>>>>>>>>>>>>>>>>>>>>>>>>>>>>>>>>>>>>>>>>
epoch: 199
loss: 0.1640, acc: 0.9583
loss: 0.1550, acc: 0.9648
loss: 0.1508, acc: 0.9651
loss: 0.1531, acc: 0.9575
loss: 0.1532, acc: 0.9545
loss: 0.1620, acc: 0.9515
loss: 0.1604, acc: 0.9537
> val_acc: 0.7328, val_f1: 0.7041
>>>>>>>>>>>>>>>>>>>>>>>>>>>>>>>>>>>>>>>>>>>>>>>>>>>>>>>>>>>>>>>>>>>>>>>>>>>>>>>>>>>>>>>>>>>>>>>>>>>>
epoch: 200
loss: 0.1537, acc: 0.9563
loss: 0.1459, acc: 0.9656
loss: 0.1540, acc: 0.9594
loss: 0.1560, acc: 0.9555
loss: 0.1579, acc: 0.9506
loss: 0.1572, acc: 0.9521
> val_acc: 0.7328, val_f1: 0.6983
>>>>>>>>>>>>>>>>>>>>>>>>>>>>>>>>>>>>>>>>>>>>>>>>>>>>>>>>>>>>>>>>>>>>>>>>>>>>>>>>>>>>>>>>>>>>>>>>>>>>
epoch: 201
loss: 0.1855, acc: 0.9453
loss: 0.1577, acc: 0.9643
loss: 0.1576, acc: 0.9609
loss: 0.1627, acc: 0.9531
loss: 0.2192, acc: 0.9290
loss: 0.2443, acc: 0.9155
loss: 0.2619, acc: 0.9077
> val_acc: 0.7112, val_f1: 0.6856
>>>>>>>>>>>>>>>>>>>>>>>>>>>>>>>>>>>>>>>>>>>>>>>>>>>>>>>>>>>>>>>>>>>>>>>>>>>>>>>>>>>>>>>>>>>>>>>>>>>>
epoch: 202
loss: 0.3453, acc: 0.8828
loss: 0.2928, acc: 0.9010
loss: 0.2870, acc: 0.9029
loss: 0.2867, acc: 0.9005
loss: 0.2822, acc: 0.9049
loss: 0.2840, acc: 0.9030
> val_acc: 0.7112, val_f1: 0.6932
>>>>>>>>>>>>>>>>>>>>>>>>>>>>>>>>>>>>>>>>>>>>>>>>>>>>>>>>>>>>>>>>>>>>>>>>>>>>>>>>>>>>>>>>>>>>>>>>>>>>
epoch: 203
loss: 0.3738, acc: 0.8594
loss: 0.2905, acc: 0.9089
loss: 0.2788, acc: 0.9077
loss: 0.2604, acc: 0.9150
loss: 0.2444, acc: 0.9241
loss: 0.2519, acc: 0.9225
loss: 0.2650, acc: 0.9148
> val_acc: 0.7414, val_f1: 0.7015
>>>>>>>>>>>>>>>>>>>>>>>>>>>>>>>>>>>>>>>>>>>>>>>>>>>>>>>>>>>>>>>>>>>>>>>>>>>>>>>>>>>>>>>>>>>>>>>>>>>>
epoch: 204
loss: 0.2335, acc: 0.9219
loss: 0.2645, acc: 0.9180
loss: 0.2871, acc: 0.9050
loss: 0.2946, acc: 0.9002
loss: 0.2790, acc: 0.9062
loss: 0.2735, acc: 0.9079
loss: 0.2664, acc: 0.9108
> val_acc: 0.7414, val_f1: 0.7136
>>>>>>>>>>>>>>>>>>>>>>>>>>>>>>>>>>>>>>>>>>>>>>>>>>>>>>>>>>>>>>>>>>>>>>>>>>>>>>>>>>>>>>>>>>>>>>>>>>>>
epoch: 205
loss: 0.2326, acc: 0.9281
loss: 0.2109, acc: 0.9375
loss: 0.2030, acc: 0.9396
loss: 0.1949, acc: 0.9461
loss: 0.1992, acc: 0.9413
loss: 0.2026, acc: 0.9385
> val_acc: 0.7284, val_f1: 0.6959
>>>>>>>>>>>>>>>>>>>>>>>>>>>>>>>>>>>>>>>>>>>>>>>>>>>>>>>>>>>>>>>>>>>>>>>>>>>>>>>>>>>>>>>>>>>>>>>>>>>>
epoch: 206
loss: 0.1936, acc: 0.9375
loss: 0.1795, acc: 0.9420
loss: 0.1654, acc: 0.9505
loss: 0.1756, acc: 0.9458
loss: 0.1709, acc: 0.9517
loss: 0.1757, acc: 0.9479
loss: 0.1774, acc: 0.9478
> val_acc: 0.7284, val_f1: 0.6915
>>>>>>>>>>>>>>>>>>>>>>>>>>>>>>>>>>>>>>>>>>>>>>>>>>>>>>>>>>>>>>>>>>>>>>>>>>>>>>>>>>>>>>>>>>>>>>>>>>>>
epoch: 207
loss: 0.1923, acc: 0.9297
loss: 0.1780, acc: 0.9392
loss: 0.1808, acc: 0.9420
loss: 0.1760, acc: 0.9457
loss: 0.1713, acc: 0.9479
loss: 0.1699, acc: 0.9499
> val_acc: 0.7500, val_f1: 0.7136
>>>>>>>>>>>>>>>>>>>>>>>>>>>>>>>>>>>>>>>>>>>>>>>>>>>>>>>>>>>>>>>>>>>>>>>>>>>>>>>>>>>>>>>>>>>>>>>>>>>>
epoch: 208
loss: 0.0953, acc: 0.9844
loss: 0.1459, acc: 0.9609
loss: 0.1498, acc: 0.9560
loss: 0.1533, acc: 0.9551
loss: 0.1572, acc: 0.9554
loss: 0.1605, acc: 0.9537
loss: 0.1554, acc: 0.9572
> val_acc: 0.7414, val_f1: 0.7062
>>>>>>>>>>>>>>>>>>>>>>>>>>>>>>>>>>>>>>>>>>>>>>>>>>>>>>>>>>>>>>>>>>>>>>>>>>>>>>>>>>>>>>>>>>>>>>>>>>>>
epoch: 209
loss: 0.1148, acc: 0.9792
loss: 0.1313, acc: 0.9609
loss: 0.1476, acc: 0.9591
loss: 0.1636, acc: 0.9531
loss: 0.1761, acc: 0.9470
loss: 0.1847, acc: 0.9408
loss: 0.1848, acc: 0.9432
> val_acc: 0.7328, val_f1: 0.7042
>>>>>>>>>>>>>>>>>>>>>>>>>>>>>>>>>>>>>>>>>>>>>>>>>>>>>>>>>>>>>>>>>>>>>>>>>>>>>>>>>>>>>>>>>>>>>>>>>>>>
epoch: 210
loss: 0.1340, acc: 0.9719
loss: 0.1520, acc: 0.9641
loss: 0.1501, acc: 0.9667
loss: 0.1577, acc: 0.9617
loss: 0.1548, acc: 0.9600
loss: 0.1567, acc: 0.9599
> val_acc: 0.7241, val_f1: 0.6954
>>>>>>>>>>>>>>>>>>>>>>>>>>>>>>>>>>>>>>>>>>>>>>>>>>>>>>>>>>>>>>>>>>>>>>>>>>>>>>>>>>>>>>>>>>>>>>>>>>>>
epoch: 211
loss: 0.1468, acc: 0.9688
loss: 0.1570, acc: 0.9598
loss: 0.1562, acc: 0.9583
loss: 0.1642, acc: 0.9550
loss: 0.1672, acc: 0.9489
loss: 0.1746, acc: 0.9462
loss: 0.1689, acc: 0.9497
> val_acc: 0.7328, val_f1: 0.7014
>>>>>>>>>>>>>>>>>>>>>>>>>>>>>>>>>>>>>>>>>>>>>>>>>>>>>>>>>>>>>>>>>>>>>>>>>>>>>>>>>>>>>>>>>>>>>>>>>>>>
epoch: 212
loss: 0.1331, acc: 0.9648
loss: 0.1352, acc: 0.9688
loss: 0.1443, acc: 0.9688
loss: 0.1561, acc: 0.9630
loss: 0.1583, acc: 0.9577
loss: 0.1609, acc: 0.9547
> val_acc: 0.7112, val_f1: 0.6797
>>>>>>>>>>>>>>>>>>>>>>>>>>>>>>>>>>>>>>>>>>>>>>>>>>>>>>>>>>>>>>>>>>>>>>>>>>>>>>>>>>>>>>>>>>>>>>>>>>>>
epoch: 213
loss: 0.1755, acc: 0.9531
loss: 0.1503, acc: 0.9661
loss: 0.1386, acc: 0.9716
loss: 0.1556, acc: 0.9580
loss: 0.1578, acc: 0.9539
loss: 0.1558, acc: 0.9567
loss: 0.1606, acc: 0.9521
> val_acc: 0.7414, val_f1: 0.7156
>>>>>>>>>>>>>>>>>>>>>>>>>>>>>>>>>>>>>>>>>>>>>>>>>>>>>>>>>>>>>>>>>>>>>>>>>>>>>>>>>>>>>>>>>>>>>>>>>>>>
epoch: 214
loss: 0.1539, acc: 0.9427
loss: 0.1947, acc: 0.9336
loss: 0.2311, acc: 0.9207
loss: 0.2746, acc: 0.9062
loss: 0.2915, acc: 0.8981
loss: 0.2899, acc: 0.8940
loss: 0.2983, acc: 0.8931
> val_acc: 0.7026, val_f1: 0.6664
>>>>>>>>>>>>>>>>>>>>>>>>>>>>>>>>>>>>>>>>>>>>>>>>>>>>>>>>>>>>>>>>>>>>>>>>>>>>>>>>>>>>>>>>>>>>>>>>>>>>
epoch: 215
loss: 0.3037, acc: 0.8781
loss: 0.3005, acc: 0.8953
loss: 0.2821, acc: 0.9000
loss: 0.2759, acc: 0.9016
loss: 0.2767, acc: 0.9012
loss: 0.2740, acc: 0.9052
> val_acc: 0.7198, val_f1: 0.6835
>>>>>>>>>>>>>>>>>>>>>>>>>>>>>>>>>>>>>>>>>>>>>>>>>>>>>>>>>>>>>>>>>>>>>>>>>>>>>>>>>>>>>>>>>>>>>>>>>>>>
epoch: 216
loss: 0.2177, acc: 0.9297
loss: 0.1793, acc: 0.9509
loss: 0.1935, acc: 0.9453
loss: 0.1949, acc: 0.9467
loss: 0.2040, acc: 0.9396
loss: 0.2024, acc: 0.9416
loss: 0.1999, acc: 0.9434
> val_acc: 0.7371, val_f1: 0.7054
>>>>>>>>>>>>>>>>>>>>>>>>>>>>>>>>>>>>>>>>>>>>>>>>>>>>>>>>>>>>>>>>>>>>>>>>>>>>>>>>>>>>>>>>>>>>>>>>>>>>
epoch: 217
loss: 0.1659, acc: 0.9492
loss: 0.1755, acc: 0.9444
loss: 0.1933, acc: 0.9353
loss: 0.2030, acc: 0.9317
loss: 0.2090, acc: 0.9284
loss: 0.2167, acc: 0.9251
> val_acc: 0.7543, val_f1: 0.7247
>>>>>>>>>>>>>>>>>>>>>>>>>>>>>>>>>>>>>>>>>>>>>>>>>>>>>>>>>>>>>>>>>>>>>>>>>>>>>>>>>>>>>>>>>>>>>>>>>>>>
epoch: 218
loss: 0.2682, acc: 0.9062
loss: 0.3439, acc: 0.8776
loss: 0.3552, acc: 0.8793
loss: 0.3487, acc: 0.8799
loss: 0.3384, acc: 0.8862
loss: 0.3452, acc: 0.8852
loss: 0.3361, acc: 0.8896
> val_acc: 0.7328, val_f1: 0.7018
>>>>>>>>>>>>>>>>>>>>>>>>>>>>>>>>>>>>>>>>>>>>>>>>>>>>>>>>>>>>>>>>>>>>>>>>>>>>>>>>>>>>>>>>>>>>>>>>>>>>
epoch: 219
loss: 0.2509, acc: 0.9323
loss: 0.2387, acc: 0.9336
loss: 0.2339, acc: 0.9291
loss: 0.2387, acc: 0.9262
loss: 0.2376, acc: 0.9260
loss: 0.2405, acc: 0.9230
loss: 0.2440, acc: 0.9203
> val_acc: 0.7328, val_f1: 0.6968
>>>>>>>>>>>>>>>>>>>>>>>>>>>>>>>>>>>>>>>>>>>>>>>>>>>>>>>>>>>>>>>>>>>>>>>>>>>>>>>>>>>>>>>>>>>>>>>>>>>>
epoch: 220
loss: 0.2367, acc: 0.9250
loss: 0.2161, acc: 0.9344
loss: 0.2158, acc: 0.9365
loss: 0.2123, acc: 0.9383
loss: 0.2046, acc: 0.9400
loss: 0.2140, acc: 0.9344
> val_acc: 0.7586, val_f1: 0.7289
>>>>>>>>>>>>>>>>>>>>>>>>>>>>>>>>>>>>>>>>>>>>>>>>>>>>>>>>>>>>>>>>>>>>>>>>>>>>>>>>>>>>>>>>>>>>>>>>>>>>
epoch: 221
loss: 0.1617, acc: 0.9375
loss: 0.1725, acc: 0.9397
loss: 0.1832, acc: 0.9401
loss: 0.1926, acc: 0.9384
loss: 0.1887, acc: 0.9439
loss: 0.1954, acc: 0.9416
loss: 0.1921, acc: 0.9434
> val_acc: 0.7457, val_f1: 0.7141
>>>>>>>>>>>>>>>>>>>>>>>>>>>>>>>>>>>>>>>>>>>>>>>>>>>>>>>>>>>>>>>>>>>>>>>>>>>>>>>>>>>>>>>>>>>>>>>>>>>>
epoch: 222
loss: 0.1475, acc: 0.9727
loss: 0.1427, acc: 0.9722
loss: 0.1686, acc: 0.9576
loss: 0.1825, acc: 0.9490
loss: 0.1819, acc: 0.9453
loss: 0.1853, acc: 0.9440
> val_acc: 0.7500, val_f1: 0.7211
>>>>>>>>>>>>>>>>>>>>>>>>>>>>>>>>>>>>>>>>>>>>>>>>>>>>>>>>>>>>>>>>>>>>>>>>>>>>>>>>>>>>>>>>>>>>>>>>>>>>
epoch: 223
loss: 0.2243, acc: 0.9062
loss: 0.2029, acc: 0.9349
loss: 0.1840, acc: 0.9517
loss: 0.1844, acc: 0.9443
loss: 0.1786, acc: 0.9442
loss: 0.1793, acc: 0.9423
loss: 0.1835, acc: 0.9400
> val_acc: 0.7284, val_f1: 0.7015
>>>>>>>>>>>>>>>>>>>>>>>>>>>>>>>>>>>>>>>>>>>>>>>>>>>>>>>>>>>>>>>>>>>>>>>>>>>>>>>>>>>>>>>>>>>>>>>>>>>>
epoch: 224
loss: 0.2034, acc: 0.9323
loss: 0.1711, acc: 0.9590
loss: 0.1617, acc: 0.9603
loss: 0.1603, acc: 0.9557
loss: 0.1652, acc: 0.9524
loss: 0.1664, acc: 0.9520
loss: 0.1695, acc: 0.9494
> val_acc: 0.7500, val_f1: 0.7229
>>>>>>>>>>>>>>>>>>>>>>>>>>>>>>>>>>>>>>>>>>>>>>>>>>>>>>>>>>>>>>>>>>>>>>>>>>>>>>>>>>>>>>>>>>>>>>>>>>>>
epoch: 225
loss: 0.1344, acc: 0.9625
loss: 0.1380, acc: 0.9578
loss: 0.1449, acc: 0.9594
loss: 0.1563, acc: 0.9523
loss: 0.1581, acc: 0.9513
loss: 0.1605, acc: 0.9490
> val_acc: 0.7586, val_f1: 0.7310
>>>>>>>>>>>>>>>>>>>>>>>>>>>>>>>>>>>>>>>>>>>>>>>>>>>>>>>>>>>>>>>>>>>>>>>>>>>>>>>>>>>>>>>>>>>>>>>>>>>>
epoch: 226
loss: 0.1804, acc: 0.9766
loss: 0.1445, acc: 0.9777
loss: 0.1432, acc: 0.9740
loss: 0.1535, acc: 0.9706
loss: 0.1484, acc: 0.9702
loss: 0.1527, acc: 0.9635
loss: 0.1587, acc: 0.9570
> val_acc: 0.7629, val_f1: 0.7336
>>>>>>>>>>>>>>>>>>>>>>>>>>>>>>>>>>>>>>>>>>>>>>>>>>>>>>>>>>>>>>>>>>>>>>>>>>>>>>>>>>>>>>>>>>>>>>>>>>>>
epoch: 227
loss: 0.1204, acc: 0.9844
loss: 0.1265, acc: 0.9740
loss: 0.1446, acc: 0.9676
loss: 0.1522, acc: 0.9605
loss: 0.1599, acc: 0.9551
loss: 0.1576, acc: 0.9564
> val_acc: 0.7457, val_f1: 0.7145
>>>>>>>>>>>>>>>>>>>>>>>>>>>>>>>>>>>>>>>>>>>>>>>>>>>>>>>>>>>>>>>>>>>>>>>>>>>>>>>>>>>>>>>>>>>>>>>>>>>>
epoch: 228
loss: 0.0856, acc: 1.0000
loss: 0.1812, acc: 0.9557
loss: 0.1657, acc: 0.9574
loss: 0.1719, acc: 0.9512
loss: 0.1734, acc: 0.9494
loss: 0.1821, acc: 0.9459
loss: 0.1836, acc: 0.9441
> val_acc: 0.7198, val_f1: 0.6946
>>>>>>>>>>>>>>>>>>>>>>>>>>>>>>>>>>>>>>>>>>>>>>>>>>>>>>>>>>>>>>>>>>>>>>>>>>>>>>>>>>>>>>>>>>>>>>>>>>>>
epoch: 229
loss: 0.1642, acc: 0.9635
loss: 0.1714, acc: 0.9531
loss: 0.1767, acc: 0.9519
loss: 0.1726, acc: 0.9514
loss: 0.1664, acc: 0.9524
loss: 0.1703, acc: 0.9531
loss: 0.1802, acc: 0.9480
> val_acc: 0.7586, val_f1: 0.7238
>>>>>>>>>>>>>>>>>>>>>>>>>>>>>>>>>>>>>>>>>>>>>>>>>>>>>>>>>>>>>>>>>>>>>>>>>>>>>>>>>>>>>>>>>>>>>>>>>>>>
epoch: 230
loss: 0.2431, acc: 0.9094
loss: 0.2064, acc: 0.9328
loss: 0.1977, acc: 0.9375
loss: 0.2073, acc: 0.9320
loss: 0.2090, acc: 0.9325
loss: 0.2083, acc: 0.9313
> val_acc: 0.7371, val_f1: 0.7052
>>>>>>>>>>>>>>>>>>>>>>>>>>>>>>>>>>>>>>>>>>>>>>>>>>>>>>>>>>>>>>>>>>>>>>>>>>>>>>>>>>>>>>>>>>>>>>>>>>>>
epoch: 231
loss: 0.1470, acc: 0.9609
loss: 0.1657, acc: 0.9621
loss: 0.1637, acc: 0.9622
loss: 0.1660, acc: 0.9559
loss: 0.1703, acc: 0.9560
loss: 0.1689, acc: 0.9520
loss: 0.1739, acc: 0.9497
> val_acc: 0.7500, val_f1: 0.7244
>>>>>>>>>>>>>>>>>>>>>>>>>>>>>>>>>>>>>>>>>>>>>>>>>>>>>>>>>>>>>>>>>>>>>>>>>>>>>>>>>>>>>>>>>>>>>>>>>>>>
epoch: 232
loss: 0.1534, acc: 0.9727
loss: 0.1634, acc: 0.9531
loss: 0.1987, acc: 0.9353
loss: 0.2101, acc: 0.9285
loss: 0.2141, acc: 0.9277
loss: 0.2166, acc: 0.9256
> val_acc: 0.7543, val_f1: 0.7272
>>>>>>>>>>>>>>>>>>>>>>>>>>>>>>>>>>>>>>>>>>>>>>>>>>>>>>>>>>>>>>>>>>>>>>>>>>>>>>>>>>>>>>>>>>>>>>>>>>>>
epoch: 233
loss: 0.1679, acc: 0.9531
loss: 0.1379, acc: 0.9531
loss: 0.1752, acc: 0.9460
loss: 0.1841, acc: 0.9434
loss: 0.2001, acc: 0.9338
loss: 0.1945, acc: 0.9345
loss: 0.1964, acc: 0.9360
> val_acc: 0.7241, val_f1: 0.6926
>>>>>>>>>>>>>>>>>>>>>>>>>>>>>>>>>>>>>>>>>>>>>>>>>>>>>>>>>>>>>>>>>>>>>>>>>>>>>>>>>>>>>>>>>>>>>>>>>>>>
epoch: 234
loss: 0.1614, acc: 0.9688
loss: 0.1541, acc: 0.9531
loss: 0.1602, acc: 0.9507
loss: 0.1679, acc: 0.9531
loss: 0.1702, acc: 0.9504
loss: 0.1712, acc: 0.9475
loss: 0.1783, acc: 0.9456
> val_acc: 0.7069, val_f1: 0.6806
>>>>>>>>>>>>>>>>>>>>>>>>>>>>>>>>>>>>>>>>>>>>>>>>>>>>>>>>>>>>>>>>>>>>>>>>>>>>>>>>>>>>>>>>>>>>>>>>>>>>
epoch: 235
loss: 0.1812, acc: 0.9344
loss: 0.1831, acc: 0.9344
loss: 0.1846, acc: 0.9406
loss: 0.1804, acc: 0.9398
loss: 0.1791, acc: 0.9431
loss: 0.1769, acc: 0.9432
> val_acc: 0.7457, val_f1: 0.7208
>>>>>>>>>>>>>>>>>>>>>>>>>>>>>>>>>>>>>>>>>>>>>>>>>>>>>>>>>>>>>>>>>>>>>>>>>>>>>>>>>>>>>>>>>>>>>>>>>>>>
epoch: 236
loss: 0.1309, acc: 0.9609
loss: 0.1643, acc: 0.9576
loss: 0.1673, acc: 0.9583
loss: 0.1786, acc: 0.9550
loss: 0.1751, acc: 0.9524
loss: 0.1796, acc: 0.9485
loss: 0.1795, acc: 0.9468
> val_acc: 0.7371, val_f1: 0.7048
>>>>>>>>>>>>>>>>>>>>>>>>>>>>>>>>>>>>>>>>>>>>>>>>>>>>>>>>>>>>>>>>>>>>>>>>>>>>>>>>>>>>>>>>>>>>>>>>>>>>
epoch: 237
loss: 0.1602, acc: 0.9531
loss: 0.1488, acc: 0.9635
loss: 0.1666, acc: 0.9520
loss: 0.1664, acc: 0.9531
loss: 0.1628, acc: 0.9538
loss: 0.1672, acc: 0.9483
> val_acc: 0.7457, val_f1: 0.7126
>>>>>>>>>>>>>>>>>>>>>>>>>>>>>>>>>>>>>>>>>>>>>>>>>>>>>>>>>>>>>>>>>>>>>>>>>>>>>>>>>>>>>>>>>>>>>>>>>>>>
epoch: 238
loss: 0.1465, acc: 0.9844
loss: 0.1424, acc: 0.9583
loss: 0.1326, acc: 0.9702
loss: 0.1403, acc: 0.9619
loss: 0.1452, acc: 0.9598
loss: 0.1466, acc: 0.9573
loss: 0.1543, acc: 0.9531
> val_acc: 0.7414, val_f1: 0.7104
>>>>>>>>>>>>>>>>>>>>>>>>>>>>>>>>>>>>>>>>>>>>>>>>>>>>>>>>>>>>>>>>>>>>>>>>>>>>>>>>>>>>>>>>>>>>>>>>>>>>
epoch: 239
loss: 0.1411, acc: 0.9688
loss: 0.1332, acc: 0.9668
loss: 0.1341, acc: 0.9591
loss: 0.1405, acc: 0.9601
loss: 0.1413, acc: 0.9599
loss: 0.1491, acc: 0.9576
loss: 0.1472, acc: 0.9571
> val_acc: 0.7371, val_f1: 0.7109
>>>>>>>>>>>>>>>>>>>>>>>>>>>>>>>>>>>>>>>>>>>>>>>>>>>>>>>>>>>>>>>>>>>>>>>>>>>>>>>>>>>>>>>>>>>>>>>>>>>>
epoch: 240
loss: 0.1502, acc: 0.9469
loss: 0.1461, acc: 0.9516
loss: 0.1432, acc: 0.9552
loss: 0.1411, acc: 0.9563
loss: 0.1425, acc: 0.9594
loss: 0.1437, acc: 0.9589
> val_acc: 0.7198, val_f1: 0.6954
>>>>>>>>>>>>>>>>>>>>>>>>>>>>>>>>>>>>>>>>>>>>>>>>>>>>>>>>>>>>>>>>>>>>>>>>>>>>>>>>>>>>>>>>>>>>>>>>>>>>
epoch: 241
loss: 0.1252, acc: 0.9766
loss: 0.1116, acc: 0.9821
loss: 0.1243, acc: 0.9688
loss: 0.1372, acc: 0.9623
loss: 0.1351, acc: 0.9616
loss: 0.1412, acc: 0.9589
loss: 0.1427, acc: 0.9565
> val_acc: 0.7500, val_f1: 0.7226
>>>>>>>>>>>>>>>>>>>>>>>>>>>>>>>>>>>>>>>>>>>>>>>>>>>>>>>>>>>>>>>>>>>>>>>>>>>>>>>>>>>>>>>>>>>>>>>>>>>>
epoch: 242
loss: 0.1302, acc: 0.9727
loss: 0.1372, acc: 0.9722
loss: 0.1531, acc: 0.9676
loss: 0.1561, acc: 0.9655
loss: 0.1509, acc: 0.9661
loss: 0.1532, acc: 0.9628
> val_acc: 0.7155, val_f1: 0.6827
>>>>>>>>>>>>>>>>>>>>>>>>>>>>>>>>>>>>>>>>>>>>>>>>>>>>>>>>>>>>>>>>>>>>>>>>>>>>>>>>>>>>>>>>>>>>>>>>>>>>
epoch: 243
loss: 0.1604, acc: 0.9531
loss: 0.1472, acc: 0.9583
loss: 0.1461, acc: 0.9560
loss: 0.1413, acc: 0.9609
loss: 0.1590, acc: 0.9516
loss: 0.1632, acc: 0.9531
loss: 0.1644, acc: 0.9521
> val_acc: 0.7414, val_f1: 0.7119
>>>>>>>>>>>>>>>>>>>>>>>>>>>>>>>>>>>>>>>>>>>>>>>>>>>>>>>>>>>>>>>>>>>>>>>>>>>>>>>>>>>>>>>>>>>>>>>>>>>>
epoch: 244
loss: 0.1039, acc: 0.9844
loss: 0.1671, acc: 0.9551
loss: 0.1785, acc: 0.9447
loss: 0.1841, acc: 0.9401
loss: 0.1818, acc: 0.9416
loss: 0.1831, acc: 0.9414
loss: 0.1861, acc: 0.9408
> val_acc: 0.7198, val_f1: 0.6870
>>>>>>>>>>>>>>>>>>>>>>>>>>>>>>>>>>>>>>>>>>>>>>>>>>>>>>>>>>>>>>>>>>>>>>>>>>>>>>>>>>>>>>>>>>>>>>>>>>>>
epoch: 245
loss: 0.1574, acc: 0.9625
loss: 0.1812, acc: 0.9484
loss: 0.1954, acc: 0.9417
loss: 0.2013, acc: 0.9375
loss: 0.2069, acc: 0.9350
loss: 0.2161, acc: 0.9307
> val_acc: 0.7284, val_f1: 0.7031
>>>>>>>>>>>>>>>>>>>>>>>>>>>>>>>>>>>>>>>>>>>>>>>>>>>>>>>>>>>>>>>>>>>>>>>>>>>>>>>>>>>>>>>>>>>>>>>>>>>>
epoch: 246
loss: 0.2187, acc: 0.9219
loss: 0.2120, acc: 0.9263
loss: 0.1990, acc: 0.9310
loss: 0.2063, acc: 0.9320
loss: 0.2165, acc: 0.9226
loss: 0.2211, acc: 0.9225
loss: 0.2227, acc: 0.9233
> val_acc: 0.7241, val_f1: 0.6724
>>>>>>>>>>>>>>>>>>>>>>>>>>>>>>>>>>>>>>>>>>>>>>>>>>>>>>>>>>>>>>>>>>>>>>>>>>>>>>>>>>>>>>>>>>>>>>>>>>>>
epoch: 247
loss: 0.2015, acc: 0.9336
loss: 0.1934, acc: 0.9444
loss: 0.2082, acc: 0.9330
loss: 0.2254, acc: 0.9252
loss: 0.2257, acc: 0.9212
loss: 0.2341, acc: 0.9149
> val_acc: 0.7371, val_f1: 0.7122
>>>>>>>>>>>>>>>>>>>>>>>>>>>>>>>>>>>>>>>>>>>>>>>>>>>>>>>>>>>>>>>>>>>>>>>>>>>>>>>>>>>>>>>>>>>>>>>>>>>>
epoch: 248
loss: 0.0904, acc: 1.0000
loss: 0.1973, acc: 0.9427
loss: 0.1760, acc: 0.9503
loss: 0.1684, acc: 0.9521
loss: 0.1672, acc: 0.9516
loss: 0.1673, acc: 0.9501
loss: 0.1697, acc: 0.9511
> val_acc: 0.7543, val_f1: 0.7284
>>>>>>>>>>>>>>>>>>>>>>>>>>>>>>>>>>>>>>>>>>>>>>>>>>>>>>>>>>>>>>>>>>>>>>>>>>>>>>>>>>>>>>>>>>>>>>>>>>>>
epoch: 249
loss: 0.1686, acc: 0.9635
loss: 0.1475, acc: 0.9609
loss: 0.1467, acc: 0.9615
loss: 0.1494, acc: 0.9592
loss: 0.1499, acc: 0.9586
loss: 0.1515, acc: 0.9587
loss: 0.1648, acc: 0.9513
> val_acc: 0.7414, val_f1: 0.7154
>>>>>>>>>>>>>>>>>>>>>>>>>>>>>>>>>>>>>>>>>>>>>>>>>>>>>>>>>>>>>>>>>>>>>>>>>>>>>>>>>>>>>>>>>>>>>>>>>>>>
epoch: 250
loss: 0.1048, acc: 0.9781
loss: 0.1385, acc: 0.9609
loss: 0.1439, acc: 0.9635
loss: 0.1568, acc: 0.9555
loss: 0.1617, acc: 0.9537
loss: 0.1745, acc: 0.9495
> val_acc: 0.7284, val_f1: 0.6962
>>>>>>>>>>>>>>>>>>>>>>>>>>>>>>>>>>>>>>>>>>>>>>>>>>>>>>>>>>>>>>>>>>>>>>>>>>>>>>>>>>>>>>>>>>>>>>>>>>>>
epoch: 251
loss: 0.2093, acc: 0.9297
loss: 0.1973, acc: 0.9375
loss: 0.1818, acc: 0.9518
loss: 0.1747, acc: 0.9513
loss: 0.1787, acc: 0.9489
loss: 0.1751, acc: 0.9491
loss: 0.1725, acc: 0.9487
> val_acc: 0.7328, val_f1: 0.7013
>>>>>>>>>>>>>>>>>>>>>>>>>>>>>>>>>>>>>>>>>>>>>>>>>>>>>>>>>>>>>>>>>>>>>>>>>>>>>>>>>>>>>>>>>>>>>>>>>>>>
epoch: 252
loss: 0.1521, acc: 0.9648
loss: 0.1664, acc: 0.9566
loss: 0.1768, acc: 0.9498
loss: 0.1724, acc: 0.9523
loss: 0.1678, acc: 0.9531
loss: 0.1640, acc: 0.9537
> val_acc: 0.7414, val_f1: 0.7088
>>>>>>>>>>>>>>>>>>>>>>>>>>>>>>>>>>>>>>>>>>>>>>>>>>>>>>>>>>>>>>>>>>>>>>>>>>>>>>>>>>>>>>>>>>>>>>>>>>>>
epoch: 253
loss: 0.1165, acc: 1.0000
loss: 0.1452, acc: 0.9583
loss: 0.1420, acc: 0.9602
loss: 0.1476, acc: 0.9580
loss: 0.1497, acc: 0.9576
loss: 0.1437, acc: 0.9597
loss: 0.1446, acc: 0.9602
> val_acc: 0.7371, val_f1: 0.7125
>>>>>>>>>>>>>>>>>>>>>>>>>>>>>>>>>>>>>>>>>>>>>>>>>>>>>>>>>>>>>>>>>>>>>>>>>>>>>>>>>>>>>>>>>>>>>>>>>>>>
epoch: 254
loss: 0.1370, acc: 0.9688
loss: 0.1518, acc: 0.9609
loss: 0.1552, acc: 0.9579
loss: 0.1510, acc: 0.9609
loss: 0.1431, acc: 0.9626
loss: 0.1448, acc: 0.9604
loss: 0.1471, acc: 0.9604
> val_acc: 0.7457, val_f1: 0.7207
>>>>>>>>>>>>>>>>>>>>>>>>>>>>>>>>>>>>>>>>>>>>>>>>>>>>>>>>>>>>>>>>>>>>>>>>>>>>>>>>>>>>>>>>>>>>>>>>>>>>
epoch: 255
loss: 0.1490, acc: 0.9625
loss: 0.1453, acc: 0.9578
loss: 0.1508, acc: 0.9604
loss: 0.1456, acc: 0.9617
loss: 0.1488, acc: 0.9581
loss: 0.1488, acc: 0.9604
> val_acc: 0.7500, val_f1: 0.7128
>>>>>>>>>>>>>>>>>>>>>>>>>>>>>>>>>>>>>>>>>>>>>>>>>>>>>>>>>>>>>>>>>>>>>>>>>>>>>>>>>>>>>>>>>>>>>>>>>>>>
epoch: 256
loss: 0.1770, acc: 0.9453
loss: 0.1726, acc: 0.9576
loss: 0.1582, acc: 0.9583
loss: 0.1623, acc: 0.9531
loss: 0.1602, acc: 0.9567
loss: 0.1632, acc: 0.9543
loss: 0.1961, acc: 0.9434
> val_acc: 0.6853, val_f1: 0.6541
>>>>>>>>>>>>>>>>>>>>>>>>>>>>>>>>>>>>>>>>>>>>>>>>>>>>>>>>>>>>>>>>>>>>>>>>>>>>>>>>>>>>>>>>>>>>>>>>>>>>
epoch: 257
loss: 0.3597, acc: 0.8477
loss: 0.4609, acc: 0.8351
loss: 0.4662, acc: 0.8170
loss: 0.4315, acc: 0.8314
loss: 0.4109, acc: 0.8444
loss: 0.3904, acc: 0.8534
> val_acc: 0.6034, val_f1: 0.5556
>>>>>>>>>>>>>>>>>>>>>>>>>>>>>>>>>>>>>>>>>>>>>>>>>>>>>>>>>>>>>>>>>>>>>>>>>>>>>>>>>>>>>>>>>>>>>>>>>>>>
epoch: 258
loss: 0.6919, acc: 0.6719
loss: 0.4383, acc: 0.8281
loss: 0.3586, acc: 0.8665
loss: 0.3323, acc: 0.8799
loss: 0.3163, acc: 0.8876
loss: 0.3048, acc: 0.8918
loss: 0.2951, acc: 0.8952
> val_acc: 0.7241, val_f1: 0.6929
>>>>>>>>>>>>>>>>>>>>>>>>>>>>>>>>>>>>>>>>>>>>>>>>>>>>>>>>>>>>>>>>>>>>>>>>>>>>>>>>>>>>>>>>>>>>>>>>>>>>
epoch: 259
loss: 0.2445, acc: 0.9167
loss: 0.2210, acc: 0.9395
loss: 0.2035, acc: 0.9399
loss: 0.2076, acc: 0.9384
loss: 0.2079, acc: 0.9382
loss: 0.2085, acc: 0.9358
loss: 0.2110, acc: 0.9351
> val_acc: 0.7328, val_f1: 0.7064
>>>>>>>>>>>>>>>>>>>>>>>>>>>>>>>>>>>>>>>>>>>>>>>>>>>>>>>>>>>>>>>>>>>>>>>>>>>>>>>>>>>>>>>>>>>>>>>>>>>>
epoch: 260
loss: 0.1892, acc: 0.9406
loss: 0.1926, acc: 0.9469
loss: 0.1964, acc: 0.9458
loss: 0.2196, acc: 0.9367
loss: 0.2322, acc: 0.9281
loss: 0.2375, acc: 0.9229
> val_acc: 0.7543, val_f1: 0.7309
>>>>>>>>>>>>>>>>>>>>>>>>>>>>>>>>>>>>>>>>>>>>>>>>>>>>>>>>>>>>>>>>>>>>>>>>>>>>>>>>>>>>>>>>>>>>>>>>>>>>
epoch: 261
loss: 0.2335, acc: 0.9609
loss: 0.2364, acc: 0.9353
loss: 0.2487, acc: 0.9258
loss: 0.2370, acc: 0.9265
loss: 0.2443, acc: 0.9212
loss: 0.2440, acc: 0.9213
loss: 0.2465, acc: 0.9185
> val_acc: 0.7155, val_f1: 0.6918
>>>>>>>>>>>>>>>>>>>>>>>>>>>>>>>>>>>>>>>>>>>>>>>>>>>>>>>>>>>>>>>>>>>>>>>>>>>>>>>>>>>>>>>>>>>>>>>>>>>>
epoch: 262
loss: 0.2419, acc: 0.9141
loss: 0.2182, acc: 0.9288
loss: 0.2219, acc: 0.9408
loss: 0.2227, acc: 0.9359
loss: 0.2188, acc: 0.9362
loss: 0.2190, acc: 0.9375
> val_acc: 0.7629, val_f1: 0.7312
>>>>>>>>>>>>>>>>>>>>>>>>>>>>>>>>>>>>>>>>>>>>>>>>>>>>>>>>>>>>>>>>>>>>>>>>>>>>>>>>>>>>>>>>>>>>>>>>>>>>
epoch: 263
loss: 0.2130, acc: 0.9062
loss: 0.1857, acc: 0.9401
loss: 0.1852, acc: 0.9375
loss: 0.1834, acc: 0.9385
loss: 0.1896, acc: 0.9375
loss: 0.1961, acc: 0.9381
loss: 0.1966, acc: 0.9385
> val_acc: 0.7414, val_f1: 0.7109
>>>>>>>>>>>>>>>>>>>>>>>>>>>>>>>>>>>>>>>>>>>>>>>>>>>>>>>>>>>>>>>>>>>>>>>>>>>>>>>>>>>>>>>>>>>>>>>>>>>>
epoch: 264
loss: 0.1648, acc: 0.9688
loss: 0.1619, acc: 0.9570
loss: 0.1736, acc: 0.9531
loss: 0.1701, acc: 0.9523
loss: 0.1785, acc: 0.9524
loss: 0.1851, acc: 0.9464
loss: 0.1849, acc: 0.9475
> val_acc: 0.7414, val_f1: 0.7075
>>>>>>>>>>>>>>>>>>>>>>>>>>>>>>>>>>>>>>>>>>>>>>>>>>>>>>>>>>>>>>>>>>>>>>>>>>>>>>>>>>>>>>>>>>>>>>>>>>>>
epoch: 265
loss: 0.2295, acc: 0.9406
loss: 0.2709, acc: 0.9172
loss: 0.2831, acc: 0.9104
loss: 0.2913, acc: 0.9023
loss: 0.2871, acc: 0.9012
loss: 0.2787, acc: 0.9036
> val_acc: 0.7457, val_f1: 0.7074
>>>>>>>>>>>>>>>>>>>>>>>>>>>>>>>>>>>>>>>>>>>>>>>>>>>>>>>>>>>>>>>>>>>>>>>>>>>>>>>>>>>>>>>>>>>>>>>>>>>>
epoch: 266
loss: 0.2739, acc: 0.8906
loss: 0.3008, acc: 0.8929
loss: 0.3103, acc: 0.8893
loss: 0.2928, acc: 0.9017
loss: 0.2857, acc: 0.9013
loss: 0.2745, acc: 0.9068
loss: 0.2629, acc: 0.9126
> val_acc: 0.7500, val_f1: 0.7229
>>>>>>>>>>>>>>>>>>>>>>>>>>>>>>>>>>>>>>>>>>>>>>>>>>>>>>>>>>>>>>>>>>>>>>>>>>>>>>>>>>>>>>>>>>>>>>>>>>>>
epoch: 267
loss: 0.2159, acc: 0.9414
loss: 0.1885, acc: 0.9583
loss: 0.1923, acc: 0.9475
loss: 0.1945, acc: 0.9457
loss: 0.2025, acc: 0.9414
loss: 0.2109, acc: 0.9353
> val_acc: 0.7414, val_f1: 0.7108
>>>>>>>>>>>>>>>>>>>>>>>>>>>>>>>>>>>>>>>>>>>>>>>>>>>>>>>>>>>>>>>>>>>>>>>>>>>>>>>>>>>>>>>>>>>>>>>>>>>>
epoch: 268
loss: 0.2319, acc: 0.9688
loss: 0.2187, acc: 0.9323
loss: 0.2159, acc: 0.9304
loss: 0.2147, acc: 0.9297
loss: 0.2178, acc: 0.9293
loss: 0.2190, acc: 0.9279
loss: 0.2160, acc: 0.9289
> val_acc: 0.7457, val_f1: 0.7198
>>>>>>>>>>>>>>>>>>>>>>>>>>>>>>>>>>>>>>>>>>>>>>>>>>>>>>>>>>>>>>>>>>>>>>>>>>>>>>>>>>>>>>>>>>>>>>>>>>>>
epoch: 269
loss: 0.1746, acc: 0.9479
loss: 0.1726, acc: 0.9492
loss: 0.1636, acc: 0.9579
loss: 0.1704, acc: 0.9549
loss: 0.1723, acc: 0.9518
loss: 0.1678, acc: 0.9537
loss: 0.1729, acc: 0.9509
> val_acc: 0.7543, val_f1: 0.7245
>>>>>>>>>>>>>>>>>>>>>>>>>>>>>>>>>>>>>>>>>>>>>>>>>>>>>>>>>>>>>>>>>>>>>>>>>>>>>>>>>>>>>>>>>>>>>>>>>>>>
epoch: 270
loss: 0.1701, acc: 0.9437
loss: 0.1539, acc: 0.9547
loss: 0.1528, acc: 0.9573
loss: 0.1640, acc: 0.9516
loss: 0.1642, acc: 0.9513
loss: 0.1675, acc: 0.9484
> val_acc: 0.7198, val_f1: 0.6881
>>>>>>>>>>>>>>>>>>>>>>>>>>>>>>>>>>>>>>>>>>>>>>>>>>>>>>>>>>>>>>>>>>>>>>>>>>>>>>>>>>>>>>>>>>>>>>>>>>>>
epoch: 271
loss: 0.1714, acc: 0.9609
loss: 0.1537, acc: 0.9710
loss: 0.1551, acc: 0.9674
loss: 0.1568, acc: 0.9642
loss: 0.1595, acc: 0.9616
loss: 0.1612, acc: 0.9606
loss: 0.1613, acc: 0.9595
> val_acc: 0.7457, val_f1: 0.7081
>>>>>>>>>>>>>>>>>>>>>>>>>>>>>>>>>>>>>>>>>>>>>>>>>>>>>>>>>>>>>>>>>>>>>>>>>>>>>>>>>>>>>>>>>>>>>>>>>>>>
epoch: 272
loss: 0.1543, acc: 0.9609
loss: 0.1373, acc: 0.9740
loss: 0.1490, acc: 0.9699
loss: 0.1597, acc: 0.9597
loss: 0.1513, acc: 0.9635
loss: 0.1518, acc: 0.9644
> val_acc: 0.7543, val_f1: 0.7259
>>>>>>>>>>>>>>>>>>>>>>>>>>>>>>>>>>>>>>>>>>>>>>>>>>>>>>>>>>>>>>>>>>>>>>>>>>>>>>>>>>>>>>>>>>>>>>>>>>>>
epoch: 273
loss: 0.1615, acc: 0.9531
loss: 0.1525, acc: 0.9583
loss: 0.1433, acc: 0.9560
loss: 0.1430, acc: 0.9580
loss: 0.1510, acc: 0.9546
loss: 0.1555, acc: 0.9549
loss: 0.1573, acc: 0.9531
> val_acc: 0.7457, val_f1: 0.7102
>>>>>>>>>>>>>>>>>>>>>>>>>>>>>>>>>>>>>>>>>>>>>>>>>>>>>>>>>>>>>>>>>>>>>>>>>>>>>>>>>>>>>>>>>>>>>>>>>>>>
epoch: 274
loss: 0.1474, acc: 0.9479
loss: 0.1589, acc: 0.9590
loss: 0.1581, acc: 0.9591
loss: 0.1648, acc: 0.9566
loss: 0.1613, acc: 0.9579
loss: 0.1682, acc: 0.9537
loss: 0.1686, acc: 0.9532
> val_acc: 0.7414, val_f1: 0.7079
>>>>>>>>>>>>>>>>>>>>>>>>>>>>>>>>>>>>>>>>>>>>>>>>>>>>>>>>>>>>>>>>>>>>>>>>>>>>>>>>>>>>>>>>>>>>>>>>>>>>
epoch: 275
loss: 0.1424, acc: 0.9688
loss: 0.1484, acc: 0.9563
loss: 0.1412, acc: 0.9615
loss: 0.1504, acc: 0.9563
loss: 0.1543, acc: 0.9531
loss: 0.1553, acc: 0.9526
> val_acc: 0.7457, val_f1: 0.7124
>>>>>>>>>>>>>>>>>>>>>>>>>>>>>>>>>>>>>>>>>>>>>>>>>>>>>>>>>>>>>>>>>>>>>>>>>>>>>>>>>>>>>>>>>>>>>>>>>>>>
epoch: 276
loss: 0.1403, acc: 0.9531
loss: 0.1499, acc: 0.9621
loss: 0.1573, acc: 0.9622
loss: 0.1607, acc: 0.9596
loss: 0.1780, acc: 0.9496
loss: 0.1776, acc: 0.9520
loss: 0.1737, acc: 0.9526
> val_acc: 0.7500, val_f1: 0.7186
>>>>>>>>>>>>>>>>>>>>>>>>>>>>>>>>>>>>>>>>>>>>>>>>>>>>>>>>>>>>>>>>>>>>>>>>>>>>>>>>>>>>>>>>>>>>>>>>>>>>
epoch: 277
loss: 0.1476, acc: 0.9609
loss: 0.1451, acc: 0.9653
loss: 0.1540, acc: 0.9598
loss: 0.1530, acc: 0.9589
loss: 0.1517, acc: 0.9583
loss: 0.1467, acc: 0.9612
> val_acc: 0.7457, val_f1: 0.7175
>>>>>>>>>>>>>>>>>>>>>>>>>>>>>>>>>>>>>>>>>>>>>>>>>>>>>>>>>>>>>>>>>>>>>>>>>>>>>>>>>>>>>>>>>>>>>>>>>>>>
epoch: 278
loss: 0.1217, acc: 0.9688
loss: 0.1572, acc: 0.9583
loss: 0.1663, acc: 0.9503
loss: 0.1957, acc: 0.9326
loss: 0.1999, acc: 0.9286
loss: 0.2013, acc: 0.9303
loss: 0.2109, acc: 0.9269
> val_acc: 0.7198, val_f1: 0.6935
>>>>>>>>>>>>>>>>>>>>>>>>>>>>>>>>>>>>>>>>>>>>>>>>>>>>>>>>>>>>>>>>>>>>>>>>>>>>>>>>>>>>>>>>>>>>>>>>>>>>
epoch: 279
loss: 0.1603, acc: 0.9740
loss: 0.1508, acc: 0.9668
loss: 0.1704, acc: 0.9495
loss: 0.1799, acc: 0.9453
loss: 0.1839, acc: 0.9443
loss: 0.1879, acc: 0.9431
loss: 0.1912, acc: 0.9437
> val_acc: 0.7328, val_f1: 0.7051
>>>>>>>>>>>>>>>>>>>>>>>>>>>>>>>>>>>>>>>>>>>>>>>>>>>>>>>>>>>>>>>>>>>>>>>>>>>>>>>>>>>>>>>>>>>>>>>>>>>>
epoch: 280
loss: 0.1764, acc: 0.9500
loss: 0.1857, acc: 0.9500
loss: 0.1765, acc: 0.9563
loss: 0.1699, acc: 0.9539
loss: 0.1667, acc: 0.9556
loss: 0.1670, acc: 0.9547
> val_acc: 0.7586, val_f1: 0.7266
>>>>>>>>>>>>>>>>>>>>>>>>>>>>>>>>>>>>>>>>>>>>>>>>>>>>>>>>>>>>>>>>>>>>>>>>>>>>>>>>>>>>>>>>>>>>>>>>>>>>
epoch: 281
loss: 0.1646, acc: 0.9453
loss: 0.1409, acc: 0.9621
loss: 0.1391, acc: 0.9688
loss: 0.1484, acc: 0.9623
loss: 0.1543, acc: 0.9581
loss: 0.1481, acc: 0.9606
loss: 0.1525, acc: 0.9580
> val_acc: 0.7414, val_f1: 0.7141
>>>>>>>>>>>>>>>>>>>>>>>>>>>>>>>>>>>>>>>>>>>>>>>>>>>>>>>>>>>>>>>>>>>>>>>>>>>>>>>>>>>>>>>>>>>>>>>>>>>>
epoch: 282
loss: 0.1381, acc: 0.9648
loss: 0.1455, acc: 0.9653
loss: 0.1532, acc: 0.9609
loss: 0.1502, acc: 0.9613
loss: 0.1554, acc: 0.9551
loss: 0.1575, acc: 0.9526
> val_acc: 0.7500, val_f1: 0.7210
>>>>>>>>>>>>>>>>>>>>>>>>>>>>>>>>>>>>>>>>>>>>>>>>>>>>>>>>>>>>>>>>>>>>>>>>>>>>>>>>>>>>>>>>>>>>>>>>>>>>
epoch: 283
loss: 0.1334, acc: 0.9844
loss: 0.1858, acc: 0.9505
loss: 0.2753, acc: 0.9091
loss: 0.2837, acc: 0.8984
loss: 0.2711, acc: 0.9040
loss: 0.2617, acc: 0.9056
loss: 0.2530, acc: 0.9088
> val_acc: 0.7371, val_f1: 0.7098
>>>>>>>>>>>>>>>>>>>>>>>>>>>>>>>>>>>>>>>>>>>>>>>>>>>>>>>>>>>>>>>>>>>>>>>>>>>>>>>>>>>>>>>>>>>>>>>>>>>>
epoch: 284
loss: 0.2308, acc: 0.9167
loss: 0.1921, acc: 0.9336
loss: 0.1809, acc: 0.9459
loss: 0.1726, acc: 0.9514
loss: 0.1721, acc: 0.9524
loss: 0.1839, acc: 0.9464
loss: 0.1826, acc: 0.9451
> val_acc: 0.7543, val_f1: 0.7212
>>>>>>>>>>>>>>>>>>>>>>>>>>>>>>>>>>>>>>>>>>>>>>>>>>>>>>>>>>>>>>>>>>>>>>>>>>>>>>>>>>>>>>>>>>>>>>>>>>>>
epoch: 285
loss: 0.1825, acc: 0.9469
loss: 0.1746, acc: 0.9453
loss: 0.1673, acc: 0.9531
loss: 0.1634, acc: 0.9547
loss: 0.1609, acc: 0.9531
loss: 0.1575, acc: 0.9542
> val_acc: 0.7716, val_f1: 0.7447
>>>>>>>>>>>>>>>>>>>>>>>>>>>>>>>>>>>>>>>>>>>>>>>>>>>>>>>>>>>>>>>>>>>>>>>>>>>>>>>>>>>>>>>>>>>>>>>>>>>>
epoch: 286
loss: 0.1280, acc: 0.9688
loss: 0.1637, acc: 0.9531
loss: 0.1529, acc: 0.9570
loss: 0.1498, acc: 0.9623
loss: 0.1465, acc: 0.9588
loss: 0.1470, acc: 0.9589
loss: 0.1516, acc: 0.9570
> val_acc: 0.7500, val_f1: 0.7197
>>>>>>>>>>>>>>>>>>>>>>>>>>>>>>>>>>>>>>>>>>>>>>>>>>>>>>>>>>>>>>>>>>>>>>>>>>>>>>>>>>>>>>>>>>>>>>>>>>>>
epoch: 287
loss: 0.1484, acc: 0.9609
loss: 0.1569, acc: 0.9566
loss: 0.1461, acc: 0.9576
loss: 0.1493, acc: 0.9581
loss: 0.1470, acc: 0.9596
loss: 0.1465, acc: 0.9607
> val_acc: 0.7414, val_f1: 0.7156
>>>>>>>>>>>>>>>>>>>>>>>>>>>>>>>>>>>>>>>>>>>>>>>>>>>>>>>>>>>>>>>>>>>>>>>>>>>>>>>>>>>>>>>>>>>>>>>>>>>>
epoch: 288
loss: 0.0961, acc: 0.9688
loss: 0.1438, acc: 0.9609
loss: 0.1340, acc: 0.9659
loss: 0.1332, acc: 0.9678
loss: 0.1324, acc: 0.9702
loss: 0.1309, acc: 0.9700
loss: 0.1334, acc: 0.9662
> val_acc: 0.7328, val_f1: 0.7060
>>>>>>>>>>>>>>>>>>>>>>>>>>>>>>>>>>>>>>>>>>>>>>>>>>>>>>>>>>>>>>>>>>>>>>>>>>>>>>>>>>>>>>>>>>>>>>>>>>>>
epoch: 289
loss: 0.1015, acc: 0.9896
loss: 0.1435, acc: 0.9570
loss: 0.1399, acc: 0.9603
loss: 0.1431, acc: 0.9592
loss: 0.1432, acc: 0.9606
loss: 0.1384, acc: 0.9637
loss: 0.1424, acc: 0.9628
> val_acc: 0.7457, val_f1: 0.7143
>>>>>>>>>>>>>>>>>>>>>>>>>>>>>>>>>>>>>>>>>>>>>>>>>>>>>>>>>>>>>>>>>>>>>>>>>>>>>>>>>>>>>>>>>>>>>>>>>>>>
epoch: 290
loss: 0.1144, acc: 0.9719
loss: 0.1421, acc: 0.9656
loss: 0.1548, acc: 0.9594
loss: 0.1557, acc: 0.9555
loss: 0.1506, acc: 0.9569
loss: 0.1548, acc: 0.9552
> val_acc: 0.7328, val_f1: 0.7050
>>>>>>>>>>>>>>>>>>>>>>>>>>>>>>>>>>>>>>>>>>>>>>>>>>>>>>>>>>>>>>>>>>>>>>>>>>>>>>>>>>>>>>>>>>>>>>>>>>>>
epoch: 291
loss: 0.1118, acc: 0.9609
loss: 0.1214, acc: 0.9688
loss: 0.1459, acc: 0.9570
loss: 0.1501, acc: 0.9559
loss: 0.1578, acc: 0.9524
loss: 0.1741, acc: 0.9444
loss: 0.1838, acc: 0.9404
> val_acc: 0.7155, val_f1: 0.6803
>>>>>>>>>>>>>>>>>>>>>>>>>>>>>>>>>>>>>>>>>>>>>>>>>>>>>>>>>>>>>>>>>>>>>>>>>>>>>>>>>>>>>>>>>>>>>>>>>>>>
epoch: 292
loss: 0.1917, acc: 0.9297
loss: 0.1654, acc: 0.9462
loss: 0.1735, acc: 0.9487
loss: 0.1647, acc: 0.9523
loss: 0.1684, acc: 0.9512
loss: 0.1693, acc: 0.9499
> val_acc: 0.7284, val_f1: 0.7010
>>>>>>>>>>>>>>>>>>>>>>>>>>>>>>>>>>>>>>>>>>>>>>>>>>>>>>>>>>>>>>>>>>>>>>>>>>>>>>>>>>>>>>>>>>>>>>>>>>>>
epoch: 293
loss: 0.1304, acc: 0.9688
loss: 0.1279, acc: 0.9792
loss: 0.1374, acc: 0.9659
loss: 0.1412, acc: 0.9688
loss: 0.1427, acc: 0.9643
loss: 0.1489, acc: 0.9615
loss: 0.1504, acc: 0.9597
> val_acc: 0.7457, val_f1: 0.7208
>>>>>>>>>>>>>>>>>>>>>>>>>>>>>>>>>>>>>>>>>>>>>>>>>>>>>>>>>>>>>>>>>>>>>>>>>>>>>>>>>>>>>>>>>>>>>>>>>>>>
epoch: 294
loss: 0.1306, acc: 0.9792
loss: 0.1481, acc: 0.9590
loss: 0.1540, acc: 0.9543
loss: 0.1480, acc: 0.9575
loss: 0.1519, acc: 0.9558
loss: 0.1537, acc: 0.9554
loss: 0.1516, acc: 0.9566
> val_acc: 0.7328, val_f1: 0.7074
>>>>>>>>>>>>>>>>>>>>>>>>>>>>>>>>>>>>>>>>>>>>>>>>>>>>>>>>>>>>>>>>>>>>>>>>>>>>>>>>>>>>>>>>>>>>>>>>>>>>
epoch: 295
loss: 0.1255, acc: 0.9750
loss: 0.1258, acc: 0.9750
loss: 0.1233, acc: 0.9729
loss: 0.1261, acc: 0.9750
loss: 0.1255, acc: 0.9731
loss: 0.1338, acc: 0.9672
> val_acc: 0.7629, val_f1: 0.7348
>>>>>>>>>>>>>>>>>>>>>>>>>>>>>>>>>>>>>>>>>>>>>>>>>>>>>>>>>>>>>>>>>>>>>>>>>>>>>>>>>>>>>>>>>>>>>>>>>>>>
epoch: 296
loss: 0.1166, acc: 0.9609
loss: 0.1353, acc: 0.9576
loss: 0.1317, acc: 0.9609
loss: 0.1385, acc: 0.9614
loss: 0.1342, acc: 0.9616
loss: 0.1353, acc: 0.9618
loss: 0.1391, acc: 0.9595
> val_acc: 0.7457, val_f1: 0.7188
>>>>>>>>>>>>>>>>>>>>>>>>>>>>>>>>>>>>>>>>>>>>>>>>>>>>>>>>>>>>>>>>>>>>>>>>>>>>>>>>>>>>>>>>>>>>>>>>>>>>
epoch: 297
loss: 0.0964, acc: 0.9922
loss: 0.1075, acc: 0.9740
loss: 0.1229, acc: 0.9710
loss: 0.1218, acc: 0.9712
loss: 0.1222, acc: 0.9701
loss: 0.1247, acc: 0.9709
> val_acc: 0.7586, val_f1: 0.7250
>>>>>>>>>>>>>>>>>>>>>>>>>>>>>>>>>>>>>>>>>>>>>>>>>>>>>>>>>>>>>>>>>>>>>>>>>>>>>>>>>>>>>>>>>>>>>>>>>>>>
epoch: 298
loss: 0.1708, acc: 0.9531
loss: 0.1303, acc: 0.9688
loss: 0.1278, acc: 0.9716
loss: 0.1220, acc: 0.9736
loss: 0.1237, acc: 0.9717
loss: 0.1317, acc: 0.9675
loss: 0.1344, acc: 0.9677
> val_acc: 0.7500, val_f1: 0.7126
>>>>>>>>>>>>>>>>>>>>>>>>>>>>>>>>>>>>>>>>>>>>>>>>>>>>>>>>>>>>>>>>>>>>>>>>>>>>>>>>>>>>>>>>>>>>>>>>>>>>
epoch: 299
loss: 0.1493, acc: 0.9635
loss: 0.1301, acc: 0.9727
loss: 0.1388, acc: 0.9663
loss: 0.1414, acc: 0.9627
loss: 0.1425, acc: 0.9606
loss: 0.1400, acc: 0.9615
loss: 0.1408, acc: 0.9590
> val_acc: 0.7414, val_f1: 0.7082
>> test_acc: 0.6536, test_f1: 0.5748
